Analysis & Synthesis report for LED_light
Sun May 28 22:14:54 2023
Quartus II Version 9.0 Build 235 06/17/2009 Service Pack 2 SJ Web Edition


---------------------
; Table of Contents ;
---------------------
  1. Legal Notice
  2. Analysis & Synthesis Summary
  3. Analysis & Synthesis Settings
  4. Analysis & Synthesis Source Files Read
  5. Analysis & Synthesis Resource Usage Summary
  6. Analysis & Synthesis Resource Utilization by Entity
  7. Analysis & Synthesis RAM Summary
  8. General Register Statistics
  9. Registers Packed Into Inferred Megafunctions
 10. Source assignments for altsyncram:NLED_rtl_0|altsyncram_oqv:auto_generated
 11. Parameter Settings for Inferred Entity Instance: altsyncram:NLED_rtl_0
 12. altsyncram Parameter Settings by Entity Instance
 13. Analysis & Synthesis Messages
 14. Analysis & Synthesis Suppressed Messages



----------------
; Legal Notice ;
----------------
Copyright (C) 1991-2009 Altera Corporation
Your use of Altera Corporation's design tools, logic functions 
and other software and tools, and its AMPP partner logic 
functions, and any output files from any of the foregoing 
(including device programming or simulation files), and any 
associated documentation or information are expressly subject 
to the terms and conditions of the Altera Program License 
Subscription Agreement, Altera MegaCore Function License 
Agreement, or other applicable license agreement, including, 
without limitation, that your use is for the sole purpose of 
programming logic devices manufactured by Altera and sold by 
Altera or its authorized distributors.  Please refer to the 
applicable agreement for further details.



+-----------------------------------------------------------------------------------+
; Analysis & Synthesis Summary                                                      ;
+------------------------------------+----------------------------------------------+
; Analysis & Synthesis Status        ; Successful - Sun May 28 22:14:54 2023        ;
; Quartus II Version                 ; 9.0 Build 235 06/17/2009 SP 2 SJ Web Edition ;
; Revision Name                      ; LED_light                                    ;
; Top-level Entity Name              ; LED_light                                    ;
; Family                             ; Cyclone II                                   ;
; Total logic elements               ; 4                                            ;
;     Total combinational functions  ; 4                                            ;
;     Dedicated logic registers      ; 2                                            ;
; Total registers                    ; 2                                            ;
; Total pins                         ; 9                                            ;
; Total virtual pins                 ; 0                                            ;
; Total memory bits                  ; 3,584                                        ;
; Embedded Multiplier 9-bit elements ; 0                                            ;
; Total PLLs                         ; 0                                            ;
+------------------------------------+----------------------------------------------+


+--------------------------------------------------------------------------------------------------------+
; Analysis & Synthesis Settings                                                                          ;
+--------------------------------------------------------------+--------------------+--------------------+
; Option                                                       ; Setting            ; Default Value      ;
+--------------------------------------------------------------+--------------------+--------------------+
; Top-level entity name                                        ; LED_light          ; LED_light          ;
; Family name                                                  ; Cyclone II         ; Stratix II         ;
; Use Generated Physical Constraints File                      ; Off                ;                    ;
; Use smart compilation                                        ; Off                ; Off                ;
; Restructure Multiplexers                                     ; Auto               ; Auto               ;
; Create Debugging Nodes for IP Cores                          ; Off                ; Off                ;
; Preserve fewer node names                                    ; On                 ; On                 ;
; Disable OpenCore Plus hardware evaluation                    ; Off                ; Off                ;
; Verilog Version                                              ; Verilog_2001       ; Verilog_2001       ;
; VHDL Version                                                 ; VHDL93             ; VHDL93             ;
; State Machine Processing                                     ; Auto               ; Auto               ;
; Safe State Machine                                           ; Off                ; Off                ;
; Extract Verilog State Machines                               ; On                 ; On                 ;
; Extract VHDL State Machines                                  ; On                 ; On                 ;
; Ignore Verilog initial constructs                            ; Off                ; Off                ;
; Iteration limit for constant Verilog loops                   ; 5000               ; 5000               ;
; Iteration limit for non-constant Verilog loops               ; 250                ; 250                ;
; Add Pass-Through Logic to Inferred RAMs                      ; On                 ; On                 ;
; Parallel Synthesis                                           ; Off                ; Off                ;
; DSP Block Balancing                                          ; Auto               ; Auto               ;
; NOT Gate Push-Back                                           ; On                 ; On                 ;
; Power-Up Don't Care                                          ; On                 ; On                 ;
; Remove Redundant Logic Cells                                 ; Off                ; Off                ;
; Remove Duplicate Registers                                   ; On                 ; On                 ;
; Ignore CARRY Buffers                                         ; Off                ; Off                ;
; Ignore CASCADE Buffers                                       ; Off                ; Off                ;
; Ignore GLOBAL Buffers                                        ; Off                ; Off                ;
; Ignore ROW GLOBAL Buffers                                    ; Off                ; Off                ;
; Ignore LCELL Buffers                                         ; Off                ; Off                ;
; Ignore SOFT Buffers                                          ; On                 ; On                 ;
; Limit AHDL Integers to 32 Bits                               ; Off                ; Off                ;
; Optimization Technique                                       ; Balanced           ; Balanced           ;
; Carry Chain Length                                           ; 70                 ; 70                 ;
; Auto Carry Chains                                            ; On                 ; On                 ;
; Auto Open-Drain Pins                                         ; On                 ; On                 ;
; Perform WYSIWYG Primitive Resynthesis                        ; Off                ; Off                ;
; Auto ROM Replacement                                         ; On                 ; On                 ;
; Auto RAM Replacement                                         ; On                 ; On                 ;
; Auto Shift Register Replacement                              ; Auto               ; Auto               ;
; Auto Clock Enable Replacement                                ; On                 ; On                 ;
; Strict RAM Replacement                                       ; Off                ; Off                ;
; Allow Synchronous Control Signals                            ; On                 ; On                 ;
; Force Use of Synchronous Clear Signals                       ; Off                ; Off                ;
; Auto RAM to Logic Cell Conversion                            ; Off                ; Off                ;
; Auto Resource Sharing                                        ; Off                ; Off                ;
; Allow Any RAM Size For Recognition                           ; Off                ; Off                ;
; Allow Any ROM Size For Recognition                           ; Off                ; Off                ;
; Allow Any Shift Register Size For Recognition                ; Off                ; Off                ;
; Use LogicLock Constraints during Resource Balancing          ; On                 ; On                 ;
; Ignore translate_off and synthesis_off directives            ; Off                ; Off                ;
; Timing-Driven Synthesis                                      ; Off                ; Off                ;
; Show Parameter Settings Tables in Synthesis Report           ; On                 ; On                 ;
; Ignore Maximum Fan-Out Assignments                           ; Off                ; Off                ;
; Synchronization Register Chain Length                        ; 2                  ; 2                  ;
; PowerPlay Power Optimization                                 ; Normal compilation ; Normal compilation ;
; HDL message level                                            ; Level2             ; Level2             ;
; Suppress Register Optimization Related Messages              ; Off                ; Off                ;
; Number of Removed Registers Reported in Synthesis Report     ; 100                ; 100                ;
; Number of Inverted Registers Reported in Synthesis Report    ; 100                ; 100                ;
; Clock MUX Protection                                         ; On                 ; On                 ;
; Auto Gated Clock Conversion                                  ; Off                ; Off                ;
; Block Design Naming                                          ; Auto               ; Auto               ;
; SDC constraint protection                                    ; Off                ; Off                ;
; Synthesis Effort                                             ; Auto               ; Auto               ;
; Shift Register Replacement - Allow Asynchronous Clear Signal ; On                 ; On                 ;
; Analysis & Synthesis Message Level                           ; Medium             ; Medium             ;
+--------------------------------------------------------------+--------------------+--------------------+


+--------------------------------------------------------------------------------------------------------------------------------------------------------------------------------------------------------------------------------+
; Analysis & Synthesis Source Files Read                                                                                                                                                                                         ;
+----------------------------------+-----------------+------------------------------+--------------------------------------------------------------------------------------------------------------------------------------------+
; File Name with User-Entered Path ; Used in Netlist ; File Type                    ; File Name with Absolute Path                                                                                                               ;
+----------------------------------+-----------------+------------------------------+--------------------------------------------------------------------------------------------------------------------------------------------+
; ../../rtl/LED_light.sv           ; yes             ; User SystemVerilog HDL File  ; D:/Study/UBC study materials/UBC Fourth Year - Summer Term/CPEN 311/Labs/Lab 1/xuan_tung_luu_30236798_Lab_1/rtl/LED_light.sv               ;
; altsyncram.tdf                   ; yes             ; Megafunction                 ; e:/quartus/quartus_ii_9.0/quartus/libraries/megafunctions/altsyncram.tdf                                                                   ;
; stratix_ram_block.inc            ; yes             ; Megafunction                 ; e:/quartus/quartus_ii_9.0/quartus/libraries/megafunctions/stratix_ram_block.inc                                                            ;
; lpm_mux.inc                      ; yes             ; Megafunction                 ; e:/quartus/quartus_ii_9.0/quartus/libraries/megafunctions/lpm_mux.inc                                                                      ;
; lpm_decode.inc                   ; yes             ; Megafunction                 ; e:/quartus/quartus_ii_9.0/quartus/libraries/megafunctions/lpm_decode.inc                                                                   ;
; aglobal90.inc                    ; yes             ; Megafunction                 ; e:/quartus/quartus_ii_9.0/quartus/libraries/megafunctions/aglobal90.inc                                                                    ;
; a_rdenreg.inc                    ; yes             ; Megafunction                 ; e:/quartus/quartus_ii_9.0/quartus/libraries/megafunctions/a_rdenreg.inc                                                                    ;
; altrom.inc                       ; yes             ; Megafunction                 ; e:/quartus/quartus_ii_9.0/quartus/libraries/megafunctions/altrom.inc                                                                       ;
; altram.inc                       ; yes             ; Megafunction                 ; e:/quartus/quartus_ii_9.0/quartus/libraries/megafunctions/altram.inc                                                                       ;
; altdpram.inc                     ; yes             ; Megafunction                 ; e:/quartus/quartus_ii_9.0/quartus/libraries/megafunctions/altdpram.inc                                                                     ;
; altqpram.inc                     ; yes             ; Megafunction                 ; e:/quartus/quartus_ii_9.0/quartus/libraries/megafunctions/altqpram.inc                                                                     ;
; db/altsyncram_oqv.tdf            ; yes             ; Auto-Generated Megafunction  ; D:/Study/UBC study materials/UBC Fourth Year - Summer Term/CPEN 311/Labs/Lab 1/xuan_tung_luu_30236798_Lab_1/sim/LEDS/db/altsyncram_oqv.tdf ;
+----------------------------------+-----------------+------------------------------+--------------------------------------------------------------------------------------------------------------------------------------------+


+----------------------------------------------------------------------------------------------------------------+
; Analysis & Synthesis Resource Usage Summary                                                                    ;
+---------------------------------------------+------------------------------------------------------------------+
; Resource                                    ; Usage                                                            ;
+---------------------------------------------+------------------------------------------------------------------+
; Estimated Total logic elements              ; 4                                                                ;
;                                             ;                                                                  ;
; Total combinational functions               ; 4                                                                ;
; Logic element usage by number of LUT inputs ;                                                                  ;
;     -- 4 input functions                    ; 3                                                                ;
;     -- 3 input functions                    ; 1                                                                ;
;     -- <=2 input functions                  ; 0                                                                ;
;                                             ;                                                                  ;
; Logic elements by mode                      ;                                                                  ;
;     -- normal mode                          ; 4                                                                ;
;     -- arithmetic mode                      ; 0                                                                ;
;                                             ;                                                                  ;
; Total registers                             ; 2                                                                ;
;     -- Dedicated logic registers            ; 2                                                                ;
;     -- I/O registers                        ; 0                                                                ;
;                                             ;                                                                  ;
; I/O pins                                    ; 9                                                                ;
; Total memory bits                           ; 3584                                                             ;
; Maximum fan-out node                        ; altsyncram:NLED_rtl_0|altsyncram_oqv:auto_generated|ram_block1a1 ;
; Maximum fan-out                             ; 10                                                               ;
; Total fan-out                               ; 97                                                               ;
; Average fan-out                             ; 4.41                                                             ;
+---------------------------------------------+------------------------------------------------------------------+


+-----------------------------------------------------------------------------------------------------------------------------------------------------------------------------------------------------------------------------------+
; Analysis & Synthesis Resource Utilization by Entity                                                                                                                                                                               ;
+---------------------------------------+-------------------+--------------+-------------+--------------+---------+-----------+------+--------------+----------------------------------------------------------------+--------------+
; Compilation Hierarchy Node            ; LC Combinationals ; LC Registers ; Memory Bits ; DSP Elements ; DSP 9x9 ; DSP 18x18 ; Pins ; Virtual Pins ; Full Hierarchy Name                                            ; Library Name ;
+---------------------------------------+-------------------+--------------+-------------+--------------+---------+-----------+------+--------------+----------------------------------------------------------------+--------------+
; |LED_light                            ; 4 (4)             ; 2 (2)        ; 3584        ; 0            ; 0       ; 0         ; 9    ; 0            ; |LED_light                                                     ; work         ;
;    |altsyncram:NLED_rtl_0|            ; 0 (0)             ; 0 (0)        ; 3584        ; 0            ; 0       ; 0         ; 0    ; 0            ; |LED_light|altsyncram:NLED_rtl_0                               ; work         ;
;       |altsyncram_oqv:auto_generated| ; 0 (0)             ; 0 (0)        ; 3584        ; 0            ; 0       ; 0         ; 0    ; 0            ; |LED_light|altsyncram:NLED_rtl_0|altsyncram_oqv:auto_generated ; work         ;
+---------------------------------------+-------------------+--------------+-------------+--------------+---------+-----------+------+--------------+----------------------------------------------------------------+--------------+
Note: For table entries with two numbers listed, the numbers in parentheses indicate the number of resources of the given type used by the specific entity alone. The numbers listed outside of parentheses indicate the total resources of the given type used by the specific entity and all of its sub-entities in the hierarchy.


+--------------------------------------------------------------------------------------------------------------------------------------------------------------------------------+
; Analysis & Synthesis RAM Summary                                                                                                                                               ;
+----------------------------------------------------------------+------+------+--------------+--------------+--------------+--------------+------+------------------------------+
; Name                                                           ; Type ; Mode ; Port A Depth ; Port A Width ; Port B Depth ; Port B Width ; Size ; MIF                          ;
+----------------------------------------------------------------+------+------+--------------+--------------+--------------+--------------+------+------------------------------+
; altsyncram:NLED_rtl_0|altsyncram_oqv:auto_generated|ALTSYNCRAM ; AUTO ; ROM  ; 512          ; 7            ; --           ; --           ; 3584 ; LED_light.LED_light0.rtl.mif ;
+----------------------------------------------------------------+------+------+--------------+--------------+--------------+--------------+------+------------------------------+


+------------------------------------------------------+
; General Register Statistics                          ;
+----------------------------------------------+-------+
; Statistic                                    ; Value ;
+----------------------------------------------+-------+
; Total registers                              ; 2     ;
; Number of registers using Synchronous Clear  ; 0     ;
; Number of registers using Synchronous Load   ; 0     ;
; Number of registers using Asynchronous Clear ; 0     ;
; Number of registers using Asynchronous Load  ; 0     ;
; Number of registers using Clock Enable       ; 0     ;
; Number of registers using Preset             ; 0     ;
+----------------------------------------------+-------+


+----------------------------------------------+
; Registers Packed Into Inferred Megafunctions ;
+---------------+--------------+---------------+
; Register Name ; Megafunction ; Type          ;
+---------------+--------------+---------------+
; LED[0]~reg0   ; NLED~6       ; ROM           ;
; LED[1]~reg0   ; NLED~6       ; ROM           ;
; LED[2]~reg0   ; NLED~6       ; ROM           ;
; LED[3]~reg0   ; NLED~6       ; ROM           ;
; LED[4]~reg0   ; NLED~6       ; ROM           ;
; LED[5]~reg0   ; NLED~6       ; ROM           ;
; LED[6]~reg0   ; NLED~6       ; ROM           ;
+---------------+--------------+---------------+


+----------------------------------------------------------------------------+
; Source assignments for altsyncram:NLED_rtl_0|altsyncram_oqv:auto_generated ;
+---------------------------------+--------------------+------+--------------+
; Assignment                      ; Value              ; From ; To           ;
+---------------------------------+--------------------+------+--------------+
; OPTIMIZE_POWER_DURING_SYNTHESIS ; NORMAL_COMPILATION ; -    ; -            ;
+---------------------------------+--------------------+------+--------------+


+------------------------------------------------------------------------------------+
; Parameter Settings for Inferred Entity Instance: altsyncram:NLED_rtl_0             ;
+------------------------------------+------------------------------+----------------+
; Parameter Name                     ; Value                        ; Type           ;
+------------------------------------+------------------------------+----------------+
; BYTE_SIZE_BLOCK                    ; 8                            ; Untyped        ;
; AUTO_CARRY_CHAINS                  ; ON                           ; AUTO_CARRY     ;
; IGNORE_CARRY_BUFFERS               ; OFF                          ; IGNORE_CARRY   ;
; AUTO_CASCADE_CHAINS                ; ON                           ; AUTO_CASCADE   ;
; IGNORE_CASCADE_BUFFERS             ; OFF                          ; IGNORE_CASCADE ;
; WIDTH_BYTEENA                      ; 1                            ; Untyped        ;
; OPERATION_MODE                     ; ROM                          ; Untyped        ;
; WIDTH_A                            ; 7                            ; Untyped        ;
; WIDTHAD_A                          ; 9                            ; Untyped        ;
; NUMWORDS_A                         ; 512                          ; Untyped        ;
; OUTDATA_REG_A                      ; UNREGISTERED                 ; Untyped        ;
; ADDRESS_ACLR_A                     ; NONE                         ; Untyped        ;
; OUTDATA_ACLR_A                     ; NONE                         ; Untyped        ;
; WRCONTROL_ACLR_A                   ; NONE                         ; Untyped        ;
; INDATA_ACLR_A                      ; NONE                         ; Untyped        ;
; BYTEENA_ACLR_A                     ; NONE                         ; Untyped        ;
; WIDTH_B                            ; 1                            ; Untyped        ;
; WIDTHAD_B                          ; 1                            ; Untyped        ;
; NUMWORDS_B                         ; 1                            ; Untyped        ;
; INDATA_REG_B                       ; CLOCK1                       ; Untyped        ;
; WRCONTROL_WRADDRESS_REG_B          ; CLOCK1                       ; Untyped        ;
; RDCONTROL_REG_B                    ; CLOCK1                       ; Untyped        ;
; ADDRESS_REG_B                      ; CLOCK1                       ; Untyped        ;
; OUTDATA_REG_B                      ; UNREGISTERED                 ; Untyped        ;
; BYTEENA_REG_B                      ; CLOCK1                       ; Untyped        ;
; INDATA_ACLR_B                      ; NONE                         ; Untyped        ;
; WRCONTROL_ACLR_B                   ; NONE                         ; Untyped        ;
; ADDRESS_ACLR_B                     ; NONE                         ; Untyped        ;
; OUTDATA_ACLR_B                     ; NONE                         ; Untyped        ;
; RDCONTROL_ACLR_B                   ; NONE                         ; Untyped        ;
; BYTEENA_ACLR_B                     ; NONE                         ; Untyped        ;
; WIDTH_BYTEENA_A                    ; 1                            ; Untyped        ;
; WIDTH_BYTEENA_B                    ; 1                            ; Untyped        ;
; RAM_BLOCK_TYPE                     ; AUTO                         ; Untyped        ;
; BYTE_SIZE                          ; 8                            ; Untyped        ;
; READ_DURING_WRITE_MODE_MIXED_PORTS ; DONT_CARE                    ; Untyped        ;
; READ_DURING_WRITE_MODE_PORT_A      ; NEW_DATA_NO_NBE_READ         ; Untyped        ;
; READ_DURING_WRITE_MODE_PORT_B      ; NEW_DATA_NO_NBE_READ         ; Untyped        ;
; INIT_FILE                          ; LED_light.LED_light0.rtl.mif ; Untyped        ;
; INIT_FILE_LAYOUT                   ; PORT_A                       ; Untyped        ;
; MAXIMUM_DEPTH                      ; 0                            ; Untyped        ;
; CLOCK_ENABLE_INPUT_A               ; NORMAL                       ; Untyped        ;
; CLOCK_ENABLE_INPUT_B               ; NORMAL                       ; Untyped        ;
; CLOCK_ENABLE_OUTPUT_A              ; NORMAL                       ; Untyped        ;
; CLOCK_ENABLE_OUTPUT_B              ; NORMAL                       ; Untyped        ;
; CLOCK_ENABLE_CORE_A                ; USE_INPUT_CLKEN              ; Untyped        ;
; CLOCK_ENABLE_CORE_B                ; USE_INPUT_CLKEN              ; Untyped        ;
; ENABLE_ECC                         ; FALSE                        ; Untyped        ;
; DEVICE_FAMILY                      ; Cyclone II                   ; Untyped        ;
; CBXI_PARAMETER                     ; altsyncram_oqv               ; Untyped        ;
+------------------------------------+------------------------------+----------------+
Note: In order to hide this table in the UI and the text report file, please set the "Show Parameter Settings Tables in Synthesis Report" option in "Analysis and Synthesis Settings -> More Settings" to "Off".


+-------------------------------------------------------------------+
; altsyncram Parameter Settings by Entity Instance                  ;
+-------------------------------------------+-----------------------+
; Name                                      ; Value                 ;
+-------------------------------------------+-----------------------+
; Number of entity instances                ; 1                     ;
; Entity Instance                           ; altsyncram:NLED_rtl_0 ;
;     -- OPERATION_MODE                     ; ROM                   ;
;     -- WIDTH_A                            ; 7                     ;
;     -- NUMWORDS_A                         ; 512                   ;
;     -- OUTDATA_REG_A                      ; UNREGISTERED          ;
;     -- WIDTH_B                            ; 1                     ;
;     -- NUMWORDS_B                         ; 1                     ;
;     -- ADDRESS_REG_B                      ; CLOCK1                ;
;     -- OUTDATA_REG_B                      ; UNREGISTERED          ;
;     -- RAM_BLOCK_TYPE                     ; AUTO                  ;
;     -- READ_DURING_WRITE_MODE_MIXED_PORTS ; DONT_CARE             ;
+-------------------------------------------+-----------------------+


+-------------------------------+
; Analysis & Synthesis Messages ;
+-------------------------------+
Info: *******************************************************************
Info: Running Quartus II Analysis & Synthesis
    Info: Version 9.0 Build 235 06/17/2009 Service Pack 2 SJ Web Edition
    Info: Processing started: Sun May 28 22:14:53 2023
Info: Command: quartus_map --read_settings_files=on --write_settings_files=off LED_light -c LED_light
Info: Found 1 design units, including 1 entities, in source file ../../rtl/LED_light.sv
    Info: Found entity 1: LED_light
Info: Elaborating entity "LED_light" for the top level hierarchy
Info: Inferred 1 megafunctions from design logic
    Info: Inferred altsyncram megafunction from the following design logic: "NLED~6"
        Info: Parameter OPERATION_MODE set to ROM
        Info: Parameter WIDTH_A set to 7
        Info: Parameter WIDTHAD_A set to 9
        Info: Parameter NUMWORDS_A set to 512
        Info: Parameter OUTDATA_REG_A set to UNREGISTERED
        Info: Parameter RAM_BLOCK_TYPE set to AUTO
        Info: Parameter INIT_FILE set to LED_light.LED_light0.rtl.mif
Info: Elaborated megafunction instantiation "altsyncram:NLED_rtl_0"
Info: Instantiated megafunction "altsyncram:NLED_rtl_0" with the following parameter:
    Info: Parameter "OPERATION_MODE" = "ROM"
    Info: Parameter "WIDTH_A" = "7"
    Info: Parameter "WIDTHAD_A" = "9"
    Info: Parameter "NUMWORDS_A" = "512"
    Info: Parameter "OUTDATA_REG_A" = "UNREGISTERED"
    Info: Parameter "RAM_BLOCK_TYPE" = "AUTO"
    Info: Parameter "INIT_FILE" = "LED_light.LED_light0.rtl.mif"
Info: Found 1 design units, including 1 entities, in source file db/altsyncram_oqv.tdf
    Info: Found entity 1: altsyncram_oqv
Info: Generated suppressed messages file D:/Study/UBC study materials/UBC Fourth Year - Summer Term/CPEN 311/Labs/Lab 1/xuan_tung_luu_30236798_Lab_1/sim/LEDS/LED_light.map.smsg
Info: Implemented 20 device resources after synthesis - the final resource count might be different
    Info: Implemented 1 input pins
    Info: Implemented 8 output pins
    Info: Implemented 4 logic cells
    Info: Implemented 7 RAM segments
Info: Quartus II Analysis & Synthesis was successful. 0 errors, 0 warnings
    Info: Peak virtual memory: 232 megabytes
    Info: Processing ended: Sun May 28 22:14:55 2023
    Info: Elapsed time: 00:00:02
    Info: Total CPU time (on all processors): 00:00:00


+------------------------------------------+
; Analysis & Synthesis Suppressed Messages ;
+------------------------------------------+
The suppressed messages can be found in D:/Study/UBC study materials/UBC Fourth Year - Summer Term/CPEN 311/Labs/Lab 1/xuan_tung_luu_30236798_Lab_1/sim/LEDS/LED_light.map.smsg.


