Classic Timing Analyzer report for Clk_div
Fri May 26 17:46:46 2023
Quartus II Version 9.0 Build 235 06/17/2009 Service Pack 2 SJ Web Edition


---------------------
; Table of Contents ;
---------------------
  1. Legal Notice
  2. Timing Analyzer Summary
  3. Timing Analyzer Settings
  4. Clock Settings Summary
  5. Parallel Compilation
  6. Clock Setup: 'inclk'
  7. tsu
  8. tco
  9. th
 10. Timing Analyzer Messages



----------------
; Legal Notice ;
----------------
Copyright (C) 1991-2009 Altera Corporation
Your use of Altera Corporation's design tools, logic functions 
and other software and tools, and its AMPP partner logic 
functions, and any output files from any of the foregoing 
(including device programming or simulation files), and any 
associated documentation or information are expressly subject 
to the terms and conditions of the Altera Program License 
Subscription Agreement, Altera MegaCore Function License 
Agreement, or other applicable license agreement, including, 
without limitation, that your use is for the sole purpose of 
programming logic devices manufactured by Altera and sold by 
Altera or its authorized distributors.  Please refer to the 
applicable agreement for further details.



+----------------------------------------------------------------------------------------------------------------------------------------------------------------------------+
; Timing Analyzer Summary                                                                                                                                                    ;
+------------------------------+-------+---------------+----------------------------------+-----------------------------+-------------+------------+----------+--------------+
; Type                         ; Slack ; Required Time ; Actual Time                      ; From                        ; To          ; From Clock ; To Clock ; Failed Paths ;
+------------------------------+-------+---------------+----------------------------------+-----------------------------+-------------+------------+----------+--------------+
; Worst-case tsu               ; N/A   ; None          ; 13.815 ns                        ; div_clk_count[0]            ; outclk~reg0 ; --         ; inclk    ; 0            ;
; Worst-case tco               ; N/A   ; None          ; 8.606 ns                         ; outclk~reg0                 ; outclk      ; inclk      ; --       ; 0            ;
; Worst-case th                ; N/A   ; None          ; -3.834 ns                        ; div_clk_count[27]           ; rst         ; --         ; inclk    ; 0            ;
; Clock Setup: 'inclk'         ; N/A   ; None          ; 197.28 MHz ( period = 5.069 ns ) ; Counter:COUNTER|counter[23] ; outclk~reg0 ; inclk      ; inclk    ; 0            ;
; Total number of failed paths ;       ;               ;                                  ;                             ;             ;            ;          ; 0            ;
+------------------------------+-------+---------------+----------------------------------+-----------------------------+-------------+------------+----------+--------------+


+--------------------------------------------------------------------------------------------------------------------+
; Timing Analyzer Settings                                                                                           ;
+---------------------------------------------------------------------+--------------------+------+----+-------------+
; Option                                                              ; Setting            ; From ; To ; Entity Name ;
+---------------------------------------------------------------------+--------------------+------+----+-------------+
; Device Name                                                         ; EP2C70F896I8       ;      ;    ;             ;
; Timing Models                                                       ; Final              ;      ;    ;             ;
; Default hold multicycle                                             ; Same as Multicycle ;      ;    ;             ;
; Cut paths between unrelated clock domains                           ; On                 ;      ;    ;             ;
; Cut off read during write signal paths                              ; On                 ;      ;    ;             ;
; Cut off feedback from I/O pins                                      ; On                 ;      ;    ;             ;
; Report Combined Fast/Slow Timing                                    ; Off                ;      ;    ;             ;
; Ignore Clock Settings                                               ; Off                ;      ;    ;             ;
; Analyze latches as synchronous elements                             ; On                 ;      ;    ;             ;
; Enable Recovery/Removal analysis                                    ; Off                ;      ;    ;             ;
; Enable Clock Latency                                                ; Off                ;      ;    ;             ;
; Use TimeQuest Timing Analyzer                                       ; Off                ;      ;    ;             ;
; Minimum Core Junction Temperature                                   ; -40                ;      ;    ;             ;
; Maximum Core Junction Temperature                                   ; 125                ;      ;    ;             ;
; Number of source nodes to report per destination node               ; 10                 ;      ;    ;             ;
; Number of destination nodes to report                               ; 10                 ;      ;    ;             ;
; Number of paths to report                                           ; 200                ;      ;    ;             ;
; Report Minimum Timing Checks                                        ; Off                ;      ;    ;             ;
; Use Fast Timing Models                                              ; Off                ;      ;    ;             ;
; Report IO Paths Separately                                          ; Off                ;      ;    ;             ;
; Perform Multicorner Analysis                                        ; On                 ;      ;    ;             ;
; Reports the worst-case path for each clock domain and analysis      ; Off                ;      ;    ;             ;
; Removes common clock path pessimism (CCPP) during slack computation ; Off                ;      ;    ;             ;
; Output I/O Timing Endpoint                                          ; Near End           ;      ;    ;             ;
+---------------------------------------------------------------------+--------------------+------+----+-------------+


+------------------------------------------------------------------------------------------------------------------------------------------------------------------------------------+
; Clock Settings Summary                                                                                                                                                             ;
+-----------------+--------------------+----------+------------------+---------------+--------------+----------+-----------------------+---------------------+--------+--------------+
; Clock Node Name ; Clock Setting Name ; Type     ; Fmax Requirement ; Early Latency ; Late Latency ; Based on ; Multiply Base Fmax by ; Divide Base Fmax by ; Offset ; Phase offset ;
+-----------------+--------------------+----------+------------------+---------------+--------------+----------+-----------------------+---------------------+--------+--------------+
; inclk           ;                    ; User Pin ; None             ; 0.000 ns      ; 0.000 ns     ; --       ; N/A                   ; N/A                 ; N/A    ;              ;
+-----------------+--------------------+----------+------------------+---------------+--------------+----------+-----------------------+---------------------+--------+--------------+


Parallel compilation was disabled, but you have multiple processors available. Enable parallel compilation to reduce compilation time.
+-------------------------------------+
; Parallel Compilation                ;
+----------------------------+--------+
; Processors                 ; Number ;
+----------------------------+--------+
; Number detected on machine ; 4      ;
; Maximum allowed            ; 1      ;
+----------------------------+--------+


+-----------------------------------------------------------------------------------------------------------------------------------------------------------------------------------------------------------------------------------------------------------------------+
; Clock Setup: 'inclk'                                                                                                                                                                                                                                                  ;
+-----------------------------------------+-----------------------------------------------------+-----------------------------+-----------------------------+------------+----------+-----------------------------+---------------------------+-------------------------+
; Slack                                   ; Actual fmax (period)                                ; From                        ; To                          ; From Clock ; To Clock ; Required Setup Relationship ; Required Longest P2P Time ; Actual Longest P2P Time ;
+-----------------------------------------+-----------------------------------------------------+-----------------------------+-----------------------------+------------+----------+-----------------------------+---------------------------+-------------------------+
; N/A                                     ; 197.28 MHz ( period = 5.069 ns )                    ; Counter:COUNTER|counter[23] ; outclk~reg0                 ; inclk      ; inclk    ; None                        ; None                      ; 4.843 ns                ;
; N/A                                     ; 197.55 MHz ( period = 5.062 ns )                    ; Counter:COUNTER|counter[1]  ; Counter:COUNTER|counter[31] ; inclk      ; inclk    ; None                        ; None                      ; 4.786 ns                ;
; N/A                                     ; 199.08 MHz ( period = 5.023 ns )                    ; Counter:COUNTER|counter[0]  ; Counter:COUNTER|counter[31] ; inclk      ; inclk    ; None                        ; None                      ; 4.746 ns                ;
; N/A                                     ; 199.76 MHz ( period = 5.006 ns )                    ; Counter:COUNTER|counter[18] ; outclk~reg0                 ; inclk      ; inclk    ; None                        ; None                      ; 4.780 ns                ;
; N/A                                     ; 200.60 MHz ( period = 4.985 ns )                    ; Counter:COUNTER|counter[14] ; outclk~reg0                 ; inclk      ; inclk    ; None                        ; None                      ; 4.747 ns                ;
; N/A                                     ; 200.96 MHz ( period = 4.976 ns )                    ; Counter:COUNTER|counter[1]  ; Counter:COUNTER|counter[30] ; inclk      ; inclk    ; None                        ; None                      ; 4.700 ns                ;
; N/A                                     ; 202.55 MHz ( period = 4.937 ns )                    ; Counter:COUNTER|counter[0]  ; Counter:COUNTER|counter[30] ; inclk      ; inclk    ; None                        ; None                      ; 4.660 ns                ;
; N/A                                     ; 204.50 MHz ( period = 4.890 ns )                    ; Counter:COUNTER|counter[1]  ; Counter:COUNTER|counter[29] ; inclk      ; inclk    ; None                        ; None                      ; 4.614 ns                ;
; N/A                                     ; 206.14 MHz ( period = 4.851 ns )                    ; Counter:COUNTER|counter[0]  ; Counter:COUNTER|counter[29] ; inclk      ; inclk    ; None                        ; None                      ; 4.574 ns                ;
; N/A                                     ; 207.73 MHz ( period = 4.814 ns )                    ; Counter:COUNTER|counter[17] ; outclk~reg0                 ; inclk      ; inclk    ; None                        ; None                      ; 4.588 ns                ;
; N/A                                     ; 208.16 MHz ( period = 4.804 ns )                    ; Counter:COUNTER|counter[1]  ; Counter:COUNTER|counter[28] ; inclk      ; inclk    ; None                        ; None                      ; 4.528 ns                ;
; N/A                                     ; 209.78 MHz ( period = 4.767 ns )                    ; Counter:COUNTER|counter[8]  ; outclk~reg0                 ; inclk      ; inclk    ; None                        ; None                      ; 4.529 ns                ;
; N/A                                     ; 209.86 MHz ( period = 4.765 ns )                    ; Counter:COUNTER|counter[0]  ; Counter:COUNTER|counter[28] ; inclk      ; inclk    ; None                        ; None                      ; 4.488 ns                ;
; N/A                                     ; 211.95 MHz ( period = 4.718 ns )                    ; Counter:COUNTER|counter[1]  ; Counter:COUNTER|counter[27] ; inclk      ; inclk    ; None                        ; None                      ; 4.442 ns                ;
; N/A                                     ; 212.27 MHz ( period = 4.711 ns )                    ; Counter:COUNTER|counter[29] ; outclk~reg0                 ; inclk      ; inclk    ; None                        ; None                      ; 4.485 ns                ;
; N/A                                     ; 212.45 MHz ( period = 4.707 ns )                    ; Counter:COUNTER|counter[22] ; outclk~reg0                 ; inclk      ; inclk    ; None                        ; None                      ; 4.481 ns                ;
; N/A                                     ; 213.72 MHz ( period = 4.679 ns )                    ; Counter:COUNTER|counter[0]  ; Counter:COUNTER|counter[27] ; inclk      ; inclk    ; None                        ; None                      ; 4.402 ns                ;
; N/A                                     ; 215.15 MHz ( period = 4.648 ns )                    ; Counter:COUNTER|counter[27] ; outclk~reg0                 ; inclk      ; inclk    ; None                        ; None                      ; 4.422 ns                ;
; N/A                                     ; 215.38 MHz ( period = 4.643 ns )                    ; Counter:COUNTER|counter[2]  ; Counter:COUNTER|counter[31] ; inclk      ; inclk    ; None                        ; None                      ; 4.367 ns                ;
; N/A                                     ; 215.89 MHz ( period = 4.632 ns )                    ; Counter:COUNTER|counter[1]  ; Counter:COUNTER|counter[26] ; inclk      ; inclk    ; None                        ; None                      ; 4.356 ns                ;
; N/A                                     ; 217.30 MHz ( period = 4.602 ns )                    ; Counter:COUNTER|counter[3]  ; Counter:COUNTER|counter[31] ; inclk      ; inclk    ; None                        ; None                      ; 4.326 ns                ;
; N/A                                     ; 217.39 MHz ( period = 4.600 ns )                    ; Counter:COUNTER|counter[11] ; outclk~reg0                 ; inclk      ; inclk    ; None                        ; None                      ; 4.362 ns                ;
; N/A                                     ; 217.72 MHz ( period = 4.593 ns )                    ; Counter:COUNTER|counter[0]  ; Counter:COUNTER|counter[26] ; inclk      ; inclk    ; None                        ; None                      ; 4.316 ns                ;
; N/A                                     ; 218.77 MHz ( period = 4.571 ns )                    ; Counter:COUNTER|counter[24] ; outclk~reg0                 ; inclk      ; inclk    ; None                        ; None                      ; 4.345 ns                ;
; N/A                                     ; 219.44 MHz ( period = 4.557 ns )                    ; Counter:COUNTER|counter[2]  ; Counter:COUNTER|counter[30] ; inclk      ; inclk    ; None                        ; None                      ; 4.281 ns                ;
; N/A                                     ; 219.88 MHz ( period = 4.548 ns )                    ; Counter:COUNTER|counter[0]  ; outclk~reg0                 ; inclk      ; inclk    ; None                        ; None                      ; 4.309 ns                ;
; N/A                                     ; 219.97 MHz ( period = 4.546 ns )                    ; Counter:COUNTER|counter[1]  ; Counter:COUNTER|counter[25] ; inclk      ; inclk    ; None                        ; None                      ; 4.270 ns                ;
; N/A                                     ; 220.51 MHz ( period = 4.535 ns )                    ; Counter:COUNTER|counter[26] ; outclk~reg0                 ; inclk      ; inclk    ; None                        ; None                      ; 4.309 ns                ;
; N/A                                     ; 220.70 MHz ( period = 4.531 ns )                    ; Counter:COUNTER|counter[1]  ; outclk~reg0                 ; inclk      ; inclk    ; None                        ; None                      ; 4.293 ns                ;
; N/A                                     ; 221.43 MHz ( period = 4.516 ns )                    ; Counter:COUNTER|counter[3]  ; Counter:COUNTER|counter[30] ; inclk      ; inclk    ; None                        ; None                      ; 4.240 ns                ;
; N/A                                     ; 221.88 MHz ( period = 4.507 ns )                    ; Counter:COUNTER|counter[0]  ; Counter:COUNTER|counter[25] ; inclk      ; inclk    ; None                        ; None                      ; 4.230 ns                ;
; N/A                                     ; 222.37 MHz ( period = 4.497 ns )                    ; Counter:COUNTER|counter[23] ; rst                         ; inclk      ; inclk    ; None                        ; None                      ; 4.271 ns                ;
; N/A                                     ; 222.37 MHz ( period = 4.497 ns )                    ; Counter:COUNTER|counter[9]  ; outclk~reg0                 ; inclk      ; inclk    ; None                        ; None                      ; 4.259 ns                ;
; N/A                                     ; 223.66 MHz ( period = 4.471 ns )                    ; Counter:COUNTER|counter[2]  ; Counter:COUNTER|counter[29] ; inclk      ; inclk    ; None                        ; None                      ; 4.195 ns                ;
; N/A                                     ; 223.86 MHz ( period = 4.467 ns )                    ; Counter:COUNTER|counter[4]  ; Counter:COUNTER|counter[31] ; inclk      ; inclk    ; None                        ; None                      ; 4.191 ns                ;
; N/A                                     ; 224.22 MHz ( period = 4.460 ns )                    ; Counter:COUNTER|counter[1]  ; Counter:COUNTER|counter[24] ; inclk      ; inclk    ; None                        ; None                      ; 4.184 ns                ;
; N/A                                     ; 225.53 MHz ( period = 4.434 ns )                    ; Counter:COUNTER|counter[18] ; rst                         ; inclk      ; inclk    ; None                        ; None                      ; 4.208 ns                ;
; N/A                                     ; 225.58 MHz ( period = 4.433 ns )                    ; Counter:COUNTER|counter[31] ; outclk~reg0                 ; inclk      ; inclk    ; None                        ; None                      ; 4.207 ns                ;
; N/A                                     ; 225.68 MHz ( period = 4.431 ns )                    ; Counter:COUNTER|counter[5]  ; Counter:COUNTER|counter[31] ; inclk      ; inclk    ; None                        ; None                      ; 4.155 ns                ;
; N/A                                     ; 225.73 MHz ( period = 4.430 ns )                    ; Counter:COUNTER|counter[3]  ; Counter:COUNTER|counter[29] ; inclk      ; inclk    ; None                        ; None                      ; 4.154 ns                ;
; N/A                                     ; 225.94 MHz ( period = 4.426 ns )                    ; Counter:COUNTER|counter[4]  ; outclk~reg0                 ; inclk      ; inclk    ; None                        ; None                      ; 4.188 ns                ;
; N/A                                     ; 226.19 MHz ( period = 4.421 ns )                    ; Counter:COUNTER|counter[0]  ; Counter:COUNTER|counter[24] ; inclk      ; inclk    ; None                        ; None                      ; 4.144 ns                ;
; N/A                                     ; 226.60 MHz ( period = 4.413 ns )                    ; Counter:COUNTER|counter[14] ; rst                         ; inclk      ; inclk    ; None                        ; None                      ; 4.175 ns                ;
; N/A                                     ; 227.84 MHz ( period = 4.389 ns )                    ; Counter:COUNTER|counter[28] ; outclk~reg0                 ; inclk      ; inclk    ; None                        ; None                      ; 4.163 ns                ;
; N/A                                     ; 227.89 MHz ( period = 4.388 ns )                    ; Counter:COUNTER|counter[16] ; outclk~reg0                 ; inclk      ; inclk    ; None                        ; None                      ; 4.162 ns                ;
; N/A                                     ; 228.05 MHz ( period = 4.385 ns )                    ; Counter:COUNTER|counter[2]  ; Counter:COUNTER|counter[28] ; inclk      ; inclk    ; None                        ; None                      ; 4.109 ns                ;
; N/A                                     ; 228.26 MHz ( period = 4.381 ns )                    ; Counter:COUNTER|counter[4]  ; Counter:COUNTER|counter[30] ; inclk      ; inclk    ; None                        ; None                      ; 4.105 ns                ;
; N/A                                     ; 230.15 MHz ( period = 4.345 ns )                    ; Counter:COUNTER|counter[6]  ; Counter:COUNTER|counter[31] ; inclk      ; inclk    ; None                        ; None                      ; 4.069 ns                ;
; N/A                                     ; 230.15 MHz ( period = 4.345 ns )                    ; Counter:COUNTER|counter[5]  ; Counter:COUNTER|counter[30] ; inclk      ; inclk    ; None                        ; None                      ; 4.069 ns                ;
; N/A                                     ; 230.20 MHz ( period = 4.344 ns )                    ; Counter:COUNTER|counter[3]  ; Counter:COUNTER|counter[28] ; inclk      ; inclk    ; None                        ; None                      ; 4.068 ns                ;
; N/A                                     ; 230.68 MHz ( period = 4.335 ns )                    ; Counter:COUNTER|counter[10] ; outclk~reg0                 ; inclk      ; inclk    ; None                        ; None                      ; 4.097 ns                ;
; N/A                                     ; 231.37 MHz ( period = 4.322 ns )                    ; Counter:COUNTER|counter[5]  ; outclk~reg0                 ; inclk      ; inclk    ; None                        ; None                      ; 4.084 ns                ;
; N/A                                     ; 232.07 MHz ( period = 4.309 ns )                    ; Counter:COUNTER|counter[20] ; outclk~reg0                 ; inclk      ; inclk    ; None                        ; None                      ; 4.083 ns                ;
; N/A                                     ; 232.61 MHz ( period = 4.299 ns )                    ; Counter:COUNTER|counter[2]  ; Counter:COUNTER|counter[27] ; inclk      ; inclk    ; None                        ; None                      ; 4.023 ns                ;
; N/A                                     ; 232.83 MHz ( period = 4.295 ns )                    ; Counter:COUNTER|counter[4]  ; Counter:COUNTER|counter[29] ; inclk      ; inclk    ; None                        ; None                      ; 4.019 ns                ;
; N/A                                     ; 233.48 MHz ( period = 4.283 ns )                    ; Counter:COUNTER|counter[30] ; outclk~reg0                 ; inclk      ; inclk    ; None                        ; None                      ; 4.057 ns                ;
; N/A                                     ; 234.19 MHz ( period = 4.270 ns )                    ; Counter:COUNTER|counter[1]  ; Counter:COUNTER|counter[23] ; inclk      ; inclk    ; None                        ; None                      ; 3.994 ns                ;
; N/A                                     ; 234.80 MHz ( period = 4.259 ns )                    ; Counter:COUNTER|counter[6]  ; Counter:COUNTER|counter[30] ; inclk      ; inclk    ; None                        ; None                      ; 3.983 ns                ;
; N/A                                     ; 234.80 MHz ( period = 4.259 ns )                    ; Counter:COUNTER|counter[5]  ; Counter:COUNTER|counter[29] ; inclk      ; inclk    ; None                        ; None                      ; 3.983 ns                ;
; N/A                                     ; 234.85 MHz ( period = 4.258 ns )                    ; Counter:COUNTER|counter[3]  ; Counter:COUNTER|counter[27] ; inclk      ; inclk    ; None                        ; None                      ; 3.982 ns                ;
; N/A                                     ; 235.74 MHz ( period = 4.242 ns )                    ; Counter:COUNTER|counter[17] ; rst                         ; inclk      ; inclk    ; None                        ; None                      ; 4.016 ns                ;
; N/A                                     ; 236.13 MHz ( period = 4.235 ns )                    ; Counter:COUNTER|counter[25] ; outclk~reg0                 ; inclk      ; inclk    ; None                        ; None                      ; 4.009 ns                ;
; N/A                                     ; 236.35 MHz ( period = 4.231 ns )                    ; Counter:COUNTER|counter[0]  ; Counter:COUNTER|counter[23] ; inclk      ; inclk    ; None                        ; None                      ; 3.954 ns                ;
; N/A                                     ; 237.02 MHz ( period = 4.219 ns )                    ; Counter:COUNTER|counter[7]  ; Counter:COUNTER|counter[31] ; inclk      ; inclk    ; None                        ; None                      ; 3.943 ns                ;
; N/A                                     ; 237.02 MHz ( period = 4.219 ns )                    ; Counter:COUNTER|counter[13] ; outclk~reg0                 ; inclk      ; inclk    ; None                        ; None                      ; 3.981 ns                ;
; N/A                                     ; 237.36 MHz ( period = 4.213 ns )                    ; Counter:COUNTER|counter[2]  ; Counter:COUNTER|counter[26] ; inclk      ; inclk    ; None                        ; None                      ; 3.937 ns                ;
; N/A                                     ; 237.59 MHz ( period = 4.209 ns )                    ; Counter:COUNTER|counter[4]  ; Counter:COUNTER|counter[28] ; inclk      ; inclk    ; None                        ; None                      ; 3.933 ns                ;
; N/A                                     ; 237.70 MHz ( period = 4.207 ns )                    ; Counter:COUNTER|counter[12] ; outclk~reg0                 ; inclk      ; inclk    ; None                        ; None                      ; 3.969 ns                ;
; N/A                                     ; 238.38 MHz ( period = 4.195 ns )                    ; Counter:COUNTER|counter[8]  ; rst                         ; inclk      ; inclk    ; None                        ; None                      ; 3.957 ns                ;
; N/A                                     ; 238.83 MHz ( period = 4.187 ns )                    ; Counter:COUNTER|counter[2]  ; outclk~reg0                 ; inclk      ; inclk    ; None                        ; None                      ; 3.949 ns                ;
; N/A                                     ; 239.01 MHz ( period = 4.184 ns )                    ; Counter:COUNTER|counter[1]  ; Counter:COUNTER|counter[22] ; inclk      ; inclk    ; None                        ; None                      ; 3.908 ns                ;
; N/A                                     ; 239.64 MHz ( period = 4.173 ns )                    ; Counter:COUNTER|counter[6]  ; Counter:COUNTER|counter[29] ; inclk      ; inclk    ; None                        ; None                      ; 3.897 ns                ;
; N/A                                     ; 239.64 MHz ( period = 4.173 ns )                    ; Counter:COUNTER|counter[5]  ; Counter:COUNTER|counter[28] ; inclk      ; inclk    ; None                        ; None                      ; 3.897 ns                ;
; N/A                                     ; 239.69 MHz ( period = 4.172 ns )                    ; Counter:COUNTER|counter[3]  ; Counter:COUNTER|counter[26] ; inclk      ; inclk    ; None                        ; None                      ; 3.896 ns                ;
; N/A                                     ; 240.91 MHz ( period = 4.151 ns )                    ; Counter:COUNTER|counter[6]  ; outclk~reg0                 ; inclk      ; inclk    ; None                        ; None                      ; 3.913 ns                ;
; N/A                                     ; 241.25 MHz ( period = 4.145 ns )                    ; Counter:COUNTER|counter[0]  ; Counter:COUNTER|counter[22] ; inclk      ; inclk    ; None                        ; None                      ; 3.868 ns                ;
; N/A                                     ; 241.60 MHz ( period = 4.139 ns )                    ; Counter:COUNTER|counter[29] ; rst                         ; inclk      ; inclk    ; None                        ; None                      ; 3.913 ns                ;
; N/A                                     ; 241.84 MHz ( period = 4.135 ns )                    ; Counter:COUNTER|counter[22] ; rst                         ; inclk      ; inclk    ; None                        ; None                      ; 3.909 ns                ;
; N/A                                     ; 241.95 MHz ( period = 4.133 ns )                    ; Counter:COUNTER|counter[7]  ; Counter:COUNTER|counter[30] ; inclk      ; inclk    ; None                        ; None                      ; 3.857 ns                ;
; N/A                                     ; 242.31 MHz ( period = 4.127 ns )                    ; Counter:COUNTER|counter[2]  ; Counter:COUNTER|counter[25] ; inclk      ; inclk    ; None                        ; None                      ; 3.851 ns                ;
; N/A                                     ; 242.54 MHz ( period = 4.123 ns )                    ; Counter:COUNTER|counter[4]  ; Counter:COUNTER|counter[27] ; inclk      ; inclk    ; None                        ; None                      ; 3.847 ns                ;
; N/A                                     ; 244.02 MHz ( period = 4.098 ns )                    ; Counter:COUNTER|counter[1]  ; Counter:COUNTER|counter[21] ; inclk      ; inclk    ; None                        ; None                      ; 3.822 ns                ;
; N/A                                     ; 244.38 MHz ( period = 4.092 ns )                    ; Counter:COUNTER|counter[19] ; outclk~reg0                 ; inclk      ; inclk    ; None                        ; None                      ; 3.866 ns                ;
; N/A                                     ; 244.68 MHz ( period = 4.087 ns )                    ; Counter:COUNTER|counter[6]  ; Counter:COUNTER|counter[28] ; inclk      ; inclk    ; None                        ; None                      ; 3.811 ns                ;
; N/A                                     ; 244.68 MHz ( period = 4.087 ns )                    ; Counter:COUNTER|counter[5]  ; Counter:COUNTER|counter[27] ; inclk      ; inclk    ; None                        ; None                      ; 3.811 ns                ;
; N/A                                     ; 244.74 MHz ( period = 4.086 ns )                    ; Counter:COUNTER|counter[3]  ; Counter:COUNTER|counter[25] ; inclk      ; inclk    ; None                        ; None                      ; 3.810 ns                ;
; N/A                                     ; 245.34 MHz ( period = 4.076 ns )                    ; Counter:COUNTER|counter[27] ; rst                         ; inclk      ; inclk    ; None                        ; None                      ; 3.850 ns                ;
; N/A                                     ; 245.82 MHz ( period = 4.068 ns )                    ; Counter:COUNTER|counter[8]  ; Counter:COUNTER|counter[31] ; inclk      ; inclk    ; None                        ; None                      ; 3.792 ns                ;
; N/A                                     ; 246.37 MHz ( period = 4.059 ns )                    ; Counter:COUNTER|counter[0]  ; Counter:COUNTER|counter[21] ; inclk      ; inclk    ; None                        ; None                      ; 3.782 ns                ;
; N/A                                     ; 246.43 MHz ( period = 4.058 ns )                    ; Counter:COUNTER|counter[7]  ; outclk~reg0                 ; inclk      ; inclk    ; None                        ; None                      ; 3.820 ns                ;
; N/A                                     ; 247.10 MHz ( period = 4.047 ns )                    ; Counter:COUNTER|counter[7]  ; Counter:COUNTER|counter[29] ; inclk      ; inclk    ; None                        ; None                      ; 3.771 ns                ;
; N/A                                     ; 247.46 MHz ( period = 4.041 ns )                    ; Counter:COUNTER|counter[2]  ; Counter:COUNTER|counter[24] ; inclk      ; inclk    ; None                        ; None                      ; 3.765 ns                ;
; N/A                                     ; 247.71 MHz ( period = 4.037 ns )                    ; Counter:COUNTER|counter[4]  ; Counter:COUNTER|counter[26] ; inclk      ; inclk    ; None                        ; None                      ; 3.761 ns                ;
; N/A                                     ; 248.26 MHz ( period = 4.028 ns )                    ; Counter:COUNTER|counter[11] ; rst                         ; inclk      ; inclk    ; None                        ; None                      ; 3.790 ns                ;
; N/A                                     ; 249.25 MHz ( period = 4.012 ns )                    ; Counter:COUNTER|counter[1]  ; Counter:COUNTER|counter[20] ; inclk      ; inclk    ; None                        ; None                      ; 3.736 ns                ;
; N/A                                     ; 249.94 MHz ( period = 4.001 ns )                    ; Counter:COUNTER|counter[5]  ; Counter:COUNTER|counter[26] ; inclk      ; inclk    ; None                        ; None                      ; 3.725 ns                ;
; N/A                                     ; 249.94 MHz ( period = 4.001 ns )                    ; Counter:COUNTER|counter[6]  ; Counter:COUNTER|counter[27] ; inclk      ; inclk    ; None                        ; None                      ; 3.725 ns                ;
; N/A                                     ; 250.00 MHz ( period = 4.000 ns )                    ; Counter:COUNTER|counter[3]  ; Counter:COUNTER|counter[24] ; inclk      ; inclk    ; None                        ; None                      ; 3.724 ns                ;
; N/A                                     ; 250.06 MHz ( period = 3.999 ns )                    ; Counter:COUNTER|counter[24] ; rst                         ; inclk      ; inclk    ; None                        ; None                      ; 3.773 ns                ;
; N/A                                     ; 250.56 MHz ( period = 3.991 ns )                    ; Counter:COUNTER|counter[3]  ; outclk~reg0                 ; inclk      ; inclk    ; None                        ; None                      ; 3.753 ns                ;
; N/A                                     ; 251.13 MHz ( period = 3.982 ns )                    ; Counter:COUNTER|counter[8]  ; Counter:COUNTER|counter[30] ; inclk      ; inclk    ; None                        ; None                      ; 3.706 ns                ;
; N/A                                     ; 251.51 MHz ( period = 3.976 ns )                    ; Counter:COUNTER|counter[0]  ; rst                         ; inclk      ; inclk    ; None                        ; None                      ; 3.737 ns                ;
; N/A                                     ; 251.70 MHz ( period = 3.973 ns )                    ; Counter:COUNTER|counter[0]  ; Counter:COUNTER|counter[20] ; inclk      ; inclk    ; None                        ; None                      ; 3.696 ns                ;
; N/A                                     ; 252.33 MHz ( period = 3.963 ns )                    ; Counter:COUNTER|counter[26] ; rst                         ; inclk      ; inclk    ; None                        ; None                      ; 3.737 ns                ;
; N/A                                     ; 252.46 MHz ( period = 3.961 ns )                    ; Counter:COUNTER|counter[7]  ; Counter:COUNTER|counter[28] ; inclk      ; inclk    ; None                        ; None                      ; 3.685 ns                ;
; N/A                                     ; 252.59 MHz ( period = 3.959 ns )                    ; Counter:COUNTER|counter[1]  ; rst                         ; inclk      ; inclk    ; None                        ; None                      ; 3.721 ns                ;
; N/A                                     ; 253.10 MHz ( period = 3.951 ns )                    ; Counter:COUNTER|counter[4]  ; Counter:COUNTER|counter[25] ; inclk      ; inclk    ; None                        ; None                      ; 3.675 ns                ;
; N/A                                     ; 254.58 MHz ( period = 3.928 ns )                    ; Counter:COUNTER|counter[9]  ; Counter:COUNTER|counter[31] ; inclk      ; inclk    ; None                        ; None                      ; 3.652 ns                ;
; N/A                                     ; 254.71 MHz ( period = 3.926 ns )                    ; Counter:COUNTER|counter[1]  ; Counter:COUNTER|counter[19] ; inclk      ; inclk    ; None                        ; None                      ; 3.650 ns                ;
; N/A                                     ; 254.78 MHz ( period = 3.925 ns )                    ; Counter:COUNTER|counter[9]  ; rst                         ; inclk      ; inclk    ; None                        ; None                      ; 3.687 ns                ;
; N/A                                     ; 255.43 MHz ( period = 3.915 ns )                    ; Counter:COUNTER|counter[6]  ; Counter:COUNTER|counter[26] ; inclk      ; inclk    ; None                        ; None                      ; 3.639 ns                ;
; N/A                                     ; 255.43 MHz ( period = 3.915 ns )                    ; Counter:COUNTER|counter[5]  ; Counter:COUNTER|counter[25] ; inclk      ; inclk    ; None                        ; None                      ; 3.639 ns                ;
; N/A                                     ; 256.67 MHz ( period = 3.896 ns )                    ; Counter:COUNTER|counter[10] ; Counter:COUNTER|counter[31] ; inclk      ; inclk    ; None                        ; None                      ; 3.620 ns                ;
; N/A                                     ; 256.67 MHz ( period = 3.896 ns )                    ; Counter:COUNTER|counter[8]  ; Counter:COUNTER|counter[29] ; inclk      ; inclk    ; None                        ; None                      ; 3.620 ns                ;
; N/A                                     ; 257.07 MHz ( period = 3.890 ns )                    ; Counter:COUNTER|counter[15] ; outclk~reg0                 ; inclk      ; inclk    ; None                        ; None                      ; 3.652 ns                ;
; N/A                                     ; 257.27 MHz ( period = 3.887 ns )                    ; Counter:COUNTER|counter[0]  ; Counter:COUNTER|counter[19] ; inclk      ; inclk    ; None                        ; None                      ; 3.610 ns                ;
; N/A                                     ; 258.06 MHz ( period = 3.875 ns )                    ; Counter:COUNTER|counter[7]  ; Counter:COUNTER|counter[27] ; inclk      ; inclk    ; None                        ; None                      ; 3.599 ns                ;
; N/A                                     ; 258.73 MHz ( period = 3.865 ns )                    ; Counter:COUNTER|counter[4]  ; Counter:COUNTER|counter[24] ; inclk      ; inclk    ; None                        ; None                      ; 3.589 ns                ;
; N/A                                     ; 259.00 MHz ( period = 3.861 ns )                    ; Counter:COUNTER|counter[31] ; rst                         ; inclk      ; inclk    ; None                        ; None                      ; 3.635 ns                ;
; N/A                                     ; 259.47 MHz ( period = 3.854 ns )                    ; Counter:COUNTER|counter[4]  ; rst                         ; inclk      ; inclk    ; None                        ; None                      ; 3.616 ns                ;
; N/A                                     ; 259.67 MHz ( period = 3.851 ns )                    ; Counter:COUNTER|counter[2]  ; Counter:COUNTER|counter[23] ; inclk      ; inclk    ; None                        ; None                      ; 3.575 ns                ;
; N/A                                     ; 260.28 MHz ( period = 3.842 ns )                    ; Counter:COUNTER|counter[9]  ; Counter:COUNTER|counter[30] ; inclk      ; inclk    ; None                        ; None                      ; 3.566 ns                ;
; N/A                                     ; 260.42 MHz ( period = 3.840 ns )                    ; Counter:COUNTER|counter[1]  ; Counter:COUNTER|counter[18] ; inclk      ; inclk    ; None                        ; None                      ; 3.564 ns                ;
; N/A                                     ; 261.16 MHz ( period = 3.829 ns )                    ; Counter:COUNTER|counter[5]  ; Counter:COUNTER|counter[24] ; inclk      ; inclk    ; None                        ; None                      ; 3.553 ns                ;
; N/A                                     ; 261.16 MHz ( period = 3.829 ns )                    ; Counter:COUNTER|counter[6]  ; Counter:COUNTER|counter[25] ; inclk      ; inclk    ; None                        ; None                      ; 3.553 ns                ;
; N/A                                     ; 261.99 MHz ( period = 3.817 ns )                    ; Counter:COUNTER|counter[28] ; rst                         ; inclk      ; inclk    ; None                        ; None                      ; 3.591 ns                ;
; N/A                                     ; 262.05 MHz ( period = 3.816 ns )                    ; Counter:COUNTER|counter[16] ; rst                         ; inclk      ; inclk    ; None                        ; None                      ; 3.590 ns                ;
; N/A                                     ; 262.47 MHz ( period = 3.810 ns )                    ; Counter:COUNTER|counter[10] ; Counter:COUNTER|counter[30] ; inclk      ; inclk    ; None                        ; None                      ; 3.534 ns                ;
; N/A                                     ; 262.47 MHz ( period = 3.810 ns )                    ; Counter:COUNTER|counter[8]  ; Counter:COUNTER|counter[28] ; inclk      ; inclk    ; None                        ; None                      ; 3.534 ns                ;
; N/A                                     ; 262.47 MHz ( period = 3.810 ns )                    ; Counter:COUNTER|counter[3]  ; Counter:COUNTER|counter[23] ; inclk      ; inclk    ; None                        ; None                      ; 3.534 ns                ;
; N/A                                     ; 263.09 MHz ( period = 3.801 ns )                    ; Counter:COUNTER|counter[0]  ; Counter:COUNTER|counter[18] ; inclk      ; inclk    ; None                        ; None                      ; 3.524 ns                ;
; N/A                                     ; 263.92 MHz ( period = 3.789 ns )                    ; Counter:COUNTER|counter[7]  ; Counter:COUNTER|counter[26] ; inclk      ; inclk    ; None                        ; None                      ; 3.513 ns                ;
; N/A                                     ; 265.60 MHz ( period = 3.765 ns )                    ; Counter:COUNTER|counter[2]  ; Counter:COUNTER|counter[22] ; inclk      ; inclk    ; None                        ; None                      ; 3.489 ns                ;
; N/A                                     ; 265.75 MHz ( period = 3.763 ns )                    ; Counter:COUNTER|counter[10] ; rst                         ; inclk      ; inclk    ; None                        ; None                      ; 3.525 ns                ;
; N/A                                     ; 266.24 MHz ( period = 3.756 ns )                    ; Counter:COUNTER|counter[11] ; Counter:COUNTER|counter[31] ; inclk      ; inclk    ; None                        ; None                      ; 3.480 ns                ;
; N/A                                     ; 266.24 MHz ( period = 3.756 ns )                    ; Counter:COUNTER|counter[9]  ; Counter:COUNTER|counter[29] ; inclk      ; inclk    ; None                        ; None                      ; 3.480 ns                ;
; N/A                                     ; 266.38 MHz ( period = 3.754 ns )                    ; Counter:COUNTER|counter[1]  ; Counter:COUNTER|counter[17] ; inclk      ; inclk    ; None                        ; None                      ; 3.478 ns                ;
; N/A                                     ; 266.67 MHz ( period = 3.750 ns )                    ; Counter:COUNTER|counter[5]  ; rst                         ; inclk      ; inclk    ; None                        ; None                      ; 3.512 ns                ;
; N/A                                     ; 267.17 MHz ( period = 3.743 ns )                    ; Counter:COUNTER|counter[6]  ; Counter:COUNTER|counter[24] ; inclk      ; inclk    ; None                        ; None                      ; 3.467 ns                ;
; N/A                                     ; 267.59 MHz ( period = 3.737 ns )                    ; Counter:COUNTER|counter[20] ; rst                         ; inclk      ; inclk    ; None                        ; None                      ; 3.511 ns                ;
; N/A                                     ; 268.46 MHz ( period = 3.725 ns )                    ; Counter:COUNTER|counter[12] ; Counter:COUNTER|counter[31] ; inclk      ; inclk    ; None                        ; None                      ; 3.449 ns                ;
; N/A                                     ; 268.53 MHz ( period = 3.724 ns )                    ; Counter:COUNTER|counter[10] ; Counter:COUNTER|counter[29] ; inclk      ; inclk    ; None                        ; None                      ; 3.448 ns                ;
; N/A                                     ; 268.53 MHz ( period = 3.724 ns )                    ; Counter:COUNTER|counter[3]  ; Counter:COUNTER|counter[22] ; inclk      ; inclk    ; None                        ; None                      ; 3.448 ns                ;
; N/A                                     ; 268.53 MHz ( period = 3.724 ns )                    ; Counter:COUNTER|counter[8]  ; Counter:COUNTER|counter[27] ; inclk      ; inclk    ; None                        ; None                      ; 3.448 ns                ;
; N/A                                     ; 269.18 MHz ( period = 3.715 ns )                    ; Counter:COUNTER|counter[0]  ; Counter:COUNTER|counter[17] ; inclk      ; inclk    ; None                        ; None                      ; 3.438 ns                ;
; N/A                                     ; 269.18 MHz ( period = 3.715 ns )                    ; Counter:COUNTER|counter[21] ; outclk~reg0                 ; inclk      ; inclk    ; None                        ; None                      ; 3.489 ns                ;
; N/A                                     ; 269.47 MHz ( period = 3.711 ns )                    ; Counter:COUNTER|counter[30] ; rst                         ; inclk      ; inclk    ; None                        ; None                      ; 3.485 ns                ;
; N/A                                     ; 270.05 MHz ( period = 3.703 ns )                    ; Counter:COUNTER|counter[7]  ; Counter:COUNTER|counter[25] ; inclk      ; inclk    ; None                        ; None                      ; 3.427 ns                ;
; N/A                                     ; 271.81 MHz ( period = 3.679 ns )                    ; Counter:COUNTER|counter[2]  ; Counter:COUNTER|counter[21] ; inclk      ; inclk    ; None                        ; None                      ; 3.403 ns                ;
; N/A                                     ; 272.11 MHz ( period = 3.675 ns )                    ; Counter:COUNTER|counter[4]  ; Counter:COUNTER|counter[23] ; inclk      ; inclk    ; None                        ; None                      ; 3.399 ns                ;
; N/A                                     ; 272.48 MHz ( period = 3.670 ns )                    ; Counter:COUNTER|counter[11] ; Counter:COUNTER|counter[30] ; inclk      ; inclk    ; None                        ; None                      ; 3.394 ns                ;
; N/A                                     ; 272.48 MHz ( period = 3.670 ns )                    ; Counter:COUNTER|counter[9]  ; Counter:COUNTER|counter[28] ; inclk      ; inclk    ; None                        ; None                      ; 3.394 ns                ;
; N/A                                     ; 272.63 MHz ( period = 3.668 ns )                    ; Counter:COUNTER|counter[1]  ; Counter:COUNTER|counter[16] ; inclk      ; inclk    ; None                        ; None                      ; 3.392 ns                ;
; N/A                                     ; 273.00 MHz ( period = 3.663 ns )                    ; Counter:COUNTER|counter[25] ; rst                         ; inclk      ; inclk    ; None                        ; None                      ; 3.437 ns                ;
; N/A                                     ; 274.20 MHz ( period = 3.647 ns )                    ; Counter:COUNTER|counter[13] ; rst                         ; inclk      ; inclk    ; None                        ; None                      ; 3.409 ns                ;
; N/A                                     ; 274.80 MHz ( period = 3.639 ns )                    ; Counter:COUNTER|counter[12] ; Counter:COUNTER|counter[30] ; inclk      ; inclk    ; None                        ; None                      ; 3.363 ns                ;
; N/A                                     ; 274.80 MHz ( period = 3.639 ns )                    ; Counter:COUNTER|counter[5]  ; Counter:COUNTER|counter[23] ; inclk      ; inclk    ; None                        ; None                      ; 3.363 ns                ;
; N/A                                     ; 274.88 MHz ( period = 3.638 ns )                    ; Counter:COUNTER|counter[10] ; Counter:COUNTER|counter[28] ; inclk      ; inclk    ; None                        ; None                      ; 3.362 ns                ;
; N/A                                     ; 274.88 MHz ( period = 3.638 ns )                    ; Counter:COUNTER|counter[8]  ; Counter:COUNTER|counter[26] ; inclk      ; inclk    ; None                        ; None                      ; 3.362 ns                ;
; N/A                                     ; 274.88 MHz ( period = 3.638 ns )                    ; Counter:COUNTER|counter[3]  ; Counter:COUNTER|counter[21] ; inclk      ; inclk    ; None                        ; None                      ; 3.362 ns                ;
; N/A                                     ; 275.10 MHz ( period = 3.635 ns )                    ; Counter:COUNTER|counter[12] ; rst                         ; inclk      ; inclk    ; None                        ; None                      ; 3.397 ns                ;
; N/A                                     ; 275.56 MHz ( period = 3.629 ns )                    ; Counter:COUNTER|counter[0]  ; Counter:COUNTER|counter[16] ; inclk      ; inclk    ; None                        ; None                      ; 3.352 ns                ;
; N/A                                     ; 276.47 MHz ( period = 3.617 ns )                    ; Counter:COUNTER|counter[7]  ; Counter:COUNTER|counter[24] ; inclk      ; inclk    ; None                        ; None                      ; 3.341 ns                ;
; N/A                                     ; 276.63 MHz ( period = 3.615 ns )                    ; Counter:COUNTER|counter[2]  ; rst                         ; inclk      ; inclk    ; None                        ; None                      ; 3.377 ns                ;
; N/A                                     ; 278.32 MHz ( period = 3.593 ns )                    ; Counter:COUNTER|counter[2]  ; Counter:COUNTER|counter[20] ; inclk      ; inclk    ; None                        ; None                      ; 3.317 ns                ;
; N/A                                     ; 278.63 MHz ( period = 3.589 ns )                    ; Counter:COUNTER|counter[13] ; Counter:COUNTER|counter[31] ; inclk      ; inclk    ; None                        ; None                      ; 3.313 ns                ;
; N/A                                     ; 278.63 MHz ( period = 3.589 ns )                    ; Counter:COUNTER|counter[4]  ; Counter:COUNTER|counter[22] ; inclk      ; inclk    ; None                        ; None                      ; 3.313 ns                ;
; N/A                                     ; 279.02 MHz ( period = 3.584 ns )                    ; Counter:COUNTER|counter[11] ; Counter:COUNTER|counter[29] ; inclk      ; inclk    ; None                        ; None                      ; 3.308 ns                ;
; N/A                                     ; 279.02 MHz ( period = 3.584 ns )                    ; Counter:COUNTER|counter[9]  ; Counter:COUNTER|counter[27] ; inclk      ; inclk    ; None                        ; None                      ; 3.308 ns                ;
; N/A                                     ; 279.41 MHz ( period = 3.579 ns )                    ; Counter:COUNTER|counter[6]  ; rst                         ; inclk      ; inclk    ; None                        ; None                      ; 3.341 ns                ;
; N/A                                     ; 281.45 MHz ( period = 3.553 ns )                    ; Counter:COUNTER|counter[12] ; Counter:COUNTER|counter[29] ; inclk      ; inclk    ; None                        ; None                      ; 3.277 ns                ;
; N/A                                     ; 281.45 MHz ( period = 3.553 ns )                    ; Counter:COUNTER|counter[5]  ; Counter:COUNTER|counter[22] ; inclk      ; inclk    ; None                        ; None                      ; 3.277 ns                ;
; N/A                                     ; 281.45 MHz ( period = 3.553 ns )                    ; Counter:COUNTER|counter[6]  ; Counter:COUNTER|counter[23] ; inclk      ; inclk    ; None                        ; None                      ; 3.277 ns                ;
; N/A                                     ; 281.53 MHz ( period = 3.552 ns )                    ; Counter:COUNTER|counter[10] ; Counter:COUNTER|counter[27] ; inclk      ; inclk    ; None                        ; None                      ; 3.276 ns                ;
; N/A                                     ; 281.53 MHz ( period = 3.552 ns )                    ; Counter:COUNTER|counter[3]  ; Counter:COUNTER|counter[20] ; inclk      ; inclk    ; None                        ; None                      ; 3.276 ns                ;
; N/A                                     ; 281.53 MHz ( period = 3.552 ns )                    ; Counter:COUNTER|counter[8]  ; Counter:COUNTER|counter[25] ; inclk      ; inclk    ; None                        ; None                      ; 3.276 ns                ;
; N/A                                     ; 284.09 MHz ( period = 3.520 ns )                    ; Counter:COUNTER|counter[19] ; rst                         ; inclk      ; inclk    ; None                        ; None                      ; 3.294 ns                ;
; N/A                                     ; 285.14 MHz ( period = 3.507 ns )                    ; Counter:COUNTER|counter[2]  ; Counter:COUNTER|counter[19] ; inclk      ; inclk    ; None                        ; None                      ; 3.231 ns                ;
; N/A                                     ; 285.47 MHz ( period = 3.503 ns )                    ; Counter:COUNTER|counter[14] ; Counter:COUNTER|counter[31] ; inclk      ; inclk    ; None                        ; None                      ; 3.227 ns                ;
; N/A                                     ; 285.47 MHz ( period = 3.503 ns )                    ; Counter:COUNTER|counter[13] ; Counter:COUNTER|counter[30] ; inclk      ; inclk    ; None                        ; None                      ; 3.227 ns                ;
; N/A                                     ; 285.47 MHz ( period = 3.503 ns )                    ; Counter:COUNTER|counter[4]  ; Counter:COUNTER|counter[21] ; inclk      ; inclk    ; None                        ; None                      ; 3.227 ns                ;
; N/A                                     ; 285.88 MHz ( period = 3.498 ns )                    ; Counter:COUNTER|counter[11] ; Counter:COUNTER|counter[28] ; inclk      ; inclk    ; None                        ; None                      ; 3.222 ns                ;
; N/A                                     ; 285.88 MHz ( period = 3.498 ns )                    ; Counter:COUNTER|counter[9]  ; Counter:COUNTER|counter[26] ; inclk      ; inclk    ; None                        ; None                      ; 3.222 ns                ;
; N/A                                     ; 286.86 MHz ( period = 3.486 ns )                    ; Counter:COUNTER|counter[7]  ; rst                         ; inclk      ; inclk    ; None                        ; None                      ; 3.248 ns                ;
; N/A                                     ; 287.27 MHz ( period = 3.481 ns )                    ; Counter:COUNTER|counter[1]  ; Counter:COUNTER|counter[15] ; inclk      ; inclk    ; None                        ; None                      ; 3.217 ns                ;
; N/A                                     ; 288.43 MHz ( period = 3.467 ns )                    ; Counter:COUNTER|counter[12] ; Counter:COUNTER|counter[28] ; inclk      ; inclk    ; None                        ; None                      ; 3.191 ns                ;
; N/A                                     ; 288.43 MHz ( period = 3.467 ns )                    ; Counter:COUNTER|counter[6]  ; Counter:COUNTER|counter[22] ; inclk      ; inclk    ; None                        ; None                      ; 3.191 ns                ;
; N/A                                     ; 288.43 MHz ( period = 3.467 ns )                    ; Counter:COUNTER|counter[5]  ; Counter:COUNTER|counter[21] ; inclk      ; inclk    ; None                        ; None                      ; 3.191 ns                ;
; N/A                                     ; 288.52 MHz ( period = 3.466 ns )                    ; Counter:COUNTER|counter[10] ; Counter:COUNTER|counter[26] ; inclk      ; inclk    ; None                        ; None                      ; 3.190 ns                ;
; N/A                                     ; 288.52 MHz ( period = 3.466 ns )                    ; Counter:COUNTER|counter[3]  ; Counter:COUNTER|counter[19] ; inclk      ; inclk    ; None                        ; None                      ; 3.190 ns                ;
; N/A                                     ; 288.52 MHz ( period = 3.466 ns )                    ; Counter:COUNTER|counter[8]  ; Counter:COUNTER|counter[24] ; inclk      ; inclk    ; None                        ; None                      ; 3.190 ns                ;
; N/A                                     ; 290.53 MHz ( period = 3.442 ns )                    ; Counter:COUNTER|counter[0]  ; Counter:COUNTER|counter[15] ; inclk      ; inclk    ; None                        ; None                      ; 3.177 ns                ;
; N/A                                     ; 290.95 MHz ( period = 3.437 ns )                    ; Counter:COUNTER|counter[15] ; Counter:COUNTER|counter[31] ; inclk      ; inclk    ; None                        ; None                      ; 3.161 ns                ;
; N/A                                     ; 291.80 MHz ( period = 3.427 ns )                    ; Counter:COUNTER|counter[7]  ; Counter:COUNTER|counter[23] ; inclk      ; inclk    ; None                        ; None                      ; 3.151 ns                ;
; N/A                                     ; 292.31 MHz ( period = 3.421 ns )                    ; Counter:COUNTER|counter[2]  ; Counter:COUNTER|counter[18] ; inclk      ; inclk    ; None                        ; None                      ; 3.145 ns                ;
; N/A                                     ; 292.48 MHz ( period = 3.419 ns )                    ; Counter:COUNTER|counter[3]  ; rst                         ; inclk      ; inclk    ; None                        ; None                      ; 3.181 ns                ;
; N/A                                     ; 292.65 MHz ( period = 3.417 ns )                    ; Counter:COUNTER|counter[14] ; Counter:COUNTER|counter[30] ; inclk      ; inclk    ; None                        ; None                      ; 3.141 ns                ;
; N/A                                     ; 292.65 MHz ( period = 3.417 ns )                    ; Counter:COUNTER|counter[13] ; Counter:COUNTER|counter[29] ; inclk      ; inclk    ; None                        ; None                      ; 3.141 ns                ;
; N/A                                     ; 292.65 MHz ( period = 3.417 ns )                    ; Counter:COUNTER|counter[4]  ; Counter:COUNTER|counter[20] ; inclk      ; inclk    ; None                        ; None                      ; 3.141 ns                ;
; N/A                                     ; 293.08 MHz ( period = 3.412 ns )                    ; Counter:COUNTER|counter[11] ; Counter:COUNTER|counter[27] ; inclk      ; inclk    ; None                        ; None                      ; 3.136 ns                ;
; Timing analysis restricted to 200 rows. ; To change the limit use Settings (Assignments menu) ;                             ;                             ;            ;          ;                             ;                           ;                         ;
+-----------------------------------------+-----------------------------------------------------+-----------------------------+-----------------------------+------------+----------+-----------------------------+---------------------------+-------------------------+


+--------------------------------------------------------------------------------+
; tsu                                                                            ;
+-------+--------------+------------+-------------------+-------------+----------+
; Slack ; Required tsu ; Actual tsu ; From              ; To          ; To Clock ;
+-------+--------------+------------+-------------------+-------------+----------+
; N/A   ; None         ; 13.815 ns  ; div_clk_count[0]  ; outclk~reg0 ; inclk    ;
; N/A   ; None         ; 13.420 ns  ; div_clk_count[4]  ; outclk~reg0 ; inclk    ;
; N/A   ; None         ; 13.313 ns  ; div_clk_count[2]  ; outclk~reg0 ; inclk    ;
; N/A   ; None         ; 13.291 ns  ; div_clk_count[6]  ; outclk~reg0 ; inclk    ;
; N/A   ; None         ; 13.243 ns  ; div_clk_count[0]  ; rst         ; inclk    ;
; N/A   ; None         ; 13.157 ns  ; div_clk_count[5]  ; outclk~reg0 ; inclk    ;
; N/A   ; None         ; 13.068 ns  ; div_clk_count[8]  ; outclk~reg0 ; inclk    ;
; N/A   ; None         ; 13.016 ns  ; div_clk_count[9]  ; outclk~reg0 ; inclk    ;
; N/A   ; None         ; 13.007 ns  ; div_clk_count[10] ; outclk~reg0 ; inclk    ;
; N/A   ; None         ; 12.992 ns  ; div_clk_count[1]  ; outclk~reg0 ; inclk    ;
; N/A   ; None         ; 12.848 ns  ; div_clk_count[4]  ; rst         ; inclk    ;
; N/A   ; None         ; 12.829 ns  ; div_clk_count[3]  ; outclk~reg0 ; inclk    ;
; N/A   ; None         ; 12.753 ns  ; div_clk_count[12] ; outclk~reg0 ; inclk    ;
; N/A   ; None         ; 12.741 ns  ; div_clk_count[2]  ; rst         ; inclk    ;
; N/A   ; None         ; 12.719 ns  ; div_clk_count[6]  ; rst         ; inclk    ;
; N/A   ; None         ; 12.585 ns  ; div_clk_count[5]  ; rst         ; inclk    ;
; N/A   ; None         ; 12.553 ns  ; div_clk_count[14] ; outclk~reg0 ; inclk    ;
; N/A   ; None         ; 12.517 ns  ; div_clk_count[7]  ; outclk~reg0 ; inclk    ;
; N/A   ; None         ; 12.496 ns  ; div_clk_count[8]  ; rst         ; inclk    ;
; N/A   ; None         ; 12.444 ns  ; div_clk_count[9]  ; rst         ; inclk    ;
; N/A   ; None         ; 12.435 ns  ; div_clk_count[10] ; rst         ; inclk    ;
; N/A   ; None         ; 12.428 ns  ; div_clk_count[11] ; outclk~reg0 ; inclk    ;
; N/A   ; None         ; 12.420 ns  ; div_clk_count[1]  ; rst         ; inclk    ;
; N/A   ; None         ; 12.257 ns  ; div_clk_count[3]  ; rst         ; inclk    ;
; N/A   ; None         ; 12.181 ns  ; div_clk_count[12] ; rst         ; inclk    ;
; N/A   ; None         ; 12.136 ns  ; div_clk_count[15] ; outclk~reg0 ; inclk    ;
; N/A   ; None         ; 11.983 ns  ; div_clk_count[16] ; outclk~reg0 ; inclk    ;
; N/A   ; None         ; 11.981 ns  ; div_clk_count[14] ; rst         ; inclk    ;
; N/A   ; None         ; 11.945 ns  ; div_clk_count[7]  ; rst         ; inclk    ;
; N/A   ; None         ; 11.856 ns  ; div_clk_count[11] ; rst         ; inclk    ;
; N/A   ; None         ; 11.849 ns  ; div_clk_count[17] ; outclk~reg0 ; inclk    ;
; N/A   ; None         ; 11.846 ns  ; div_clk_count[13] ; outclk~reg0 ; inclk    ;
; N/A   ; None         ; 11.564 ns  ; div_clk_count[15] ; rst         ; inclk    ;
; N/A   ; None         ; 11.411 ns  ; div_clk_count[16] ; rst         ; inclk    ;
; N/A   ; None         ; 11.397 ns  ; div_clk_count[24] ; outclk~reg0 ; inclk    ;
; N/A   ; None         ; 11.298 ns  ; div_clk_count[23] ; outclk~reg0 ; inclk    ;
; N/A   ; None         ; 11.277 ns  ; div_clk_count[17] ; rst         ; inclk    ;
; N/A   ; None         ; 11.274 ns  ; div_clk_count[13] ; rst         ; inclk    ;
; N/A   ; None         ; 11.117 ns  ; div_clk_count[21] ; outclk~reg0 ; inclk    ;
; N/A   ; None         ; 11.091 ns  ; div_clk_count[25] ; outclk~reg0 ; inclk    ;
; N/A   ; None         ; 11.016 ns  ; div_clk_count[18] ; outclk~reg0 ; inclk    ;
; N/A   ; None         ; 10.978 ns  ; div_clk_count[19] ; outclk~reg0 ; inclk    ;
; N/A   ; None         ; 10.910 ns  ; div_clk_count[20] ; outclk~reg0 ; inclk    ;
; N/A   ; None         ; 10.825 ns  ; div_clk_count[24] ; rst         ; inclk    ;
; N/A   ; None         ; 10.726 ns  ; div_clk_count[23] ; rst         ; inclk    ;
; N/A   ; None         ; 10.671 ns  ; div_clk_count[22] ; outclk~reg0 ; inclk    ;
; N/A   ; None         ; 10.633 ns  ; div_clk_count[29] ; outclk~reg0 ; inclk    ;
; N/A   ; None         ; 10.578 ns  ; div_clk_count[26] ; outclk~reg0 ; inclk    ;
; N/A   ; None         ; 10.545 ns  ; div_clk_count[21] ; rst         ; inclk    ;
; N/A   ; None         ; 10.519 ns  ; div_clk_count[25] ; rst         ; inclk    ;
; N/A   ; None         ; 10.444 ns  ; div_clk_count[18] ; rst         ; inclk    ;
; N/A   ; None         ; 10.406 ns  ; div_clk_count[19] ; rst         ; inclk    ;
; N/A   ; None         ; 10.338 ns  ; div_clk_count[20] ; rst         ; inclk    ;
; N/A   ; None         ; 10.121 ns  ; div_clk_count[31] ; outclk~reg0 ; inclk    ;
; N/A   ; None         ; 10.099 ns  ; div_clk_count[22] ; rst         ; inclk    ;
; N/A   ; None         ; 10.061 ns  ; div_clk_count[29] ; rst         ; inclk    ;
; N/A   ; None         ; 10.006 ns  ; div_clk_count[26] ; rst         ; inclk    ;
; N/A   ; None         ; 9.658 ns   ; div_clk_count[28] ; outclk~reg0 ; inclk    ;
; N/A   ; None         ; 9.549 ns   ; div_clk_count[31] ; rst         ; inclk    ;
; N/A   ; None         ; 9.435 ns   ; div_clk_count[30] ; outclk~reg0 ; inclk    ;
; N/A   ; None         ; 9.086 ns   ; div_clk_count[28] ; rst         ; inclk    ;
; N/A   ; None         ; 8.863 ns   ; div_clk_count[30] ; rst         ; inclk    ;
; N/A   ; None         ; 5.896 ns   ; div_clk_count[27] ; outclk~reg0 ; inclk    ;
; N/A   ; None         ; 5.324 ns   ; div_clk_count[27] ; rst         ; inclk    ;
+-------+--------------+------------+-------------------+-------------+----------+


+-----------------------------------------------------------------------+
; tco                                                                   ;
+-------+--------------+------------+-------------+--------+------------+
; Slack ; Required tco ; Actual tco ; From        ; To     ; From Clock ;
+-------+--------------+------------+-------------+--------+------------+
; N/A   ; None         ; 8.606 ns   ; outclk~reg0 ; outclk ; inclk      ;
+-------+--------------+------------+-------------+--------+------------+


+--------------------------------------------------------------------------------------+
; th                                                                                   ;
+---------------+-------------+-----------+-------------------+-------------+----------+
; Minimum Slack ; Required th ; Actual th ; From              ; To          ; To Clock ;
+---------------+-------------+-----------+-------------------+-------------+----------+
; N/A           ; None        ; -3.834 ns ; div_clk_count[27] ; rst         ; inclk    ;
; N/A           ; None        ; -4.406 ns ; div_clk_count[27] ; outclk~reg0 ; inclk    ;
; N/A           ; None        ; -6.936 ns ; div_clk_count[7]  ; rst         ; inclk    ;
; N/A           ; None        ; -7.187 ns ; div_clk_count[20] ; rst         ; inclk    ;
; N/A           ; None        ; -7.282 ns ; div_clk_count[30] ; rst         ; inclk    ;
; N/A           ; None        ; -7.339 ns ; div_clk_count[19] ; rst         ; inclk    ;
; N/A           ; None        ; -7.372 ns ; div_clk_count[3]  ; rst         ; inclk    ;
; N/A           ; None        ; -7.489 ns ; div_clk_count[15] ; rst         ; inclk    ;
; N/A           ; None        ; -7.508 ns ; div_clk_count[7]  ; outclk~reg0 ; inclk    ;
; N/A           ; None        ; -7.626 ns ; div_clk_count[18] ; rst         ; inclk    ;
; N/A           ; None        ; -7.646 ns ; div_clk_count[13] ; rst         ; inclk    ;
; N/A           ; None        ; -7.689 ns ; div_clk_count[28] ; rst         ; inclk    ;
; N/A           ; None        ; -7.759 ns ; div_clk_count[20] ; outclk~reg0 ; inclk    ;
; N/A           ; None        ; -7.847 ns ; div_clk_count[1]  ; rst         ; inclk    ;
; N/A           ; None        ; -7.854 ns ; div_clk_count[30] ; outclk~reg0 ; inclk    ;
; N/A           ; None        ; -7.911 ns ; div_clk_count[19] ; outclk~reg0 ; inclk    ;
; N/A           ; None        ; -7.944 ns ; div_clk_count[3]  ; outclk~reg0 ; inclk    ;
; N/A           ; None        ; -8.006 ns ; div_clk_count[5]  ; rst         ; inclk    ;
; N/A           ; None        ; -8.043 ns ; div_clk_count[2]  ; rst         ; inclk    ;
; N/A           ; None        ; -8.061 ns ; div_clk_count[15] ; outclk~reg0 ; inclk    ;
; N/A           ; None        ; -8.146 ns ; div_clk_count[6]  ; rst         ; inclk    ;
; N/A           ; None        ; -8.198 ns ; div_clk_count[18] ; outclk~reg0 ; inclk    ;
; N/A           ; None        ; -8.218 ns ; div_clk_count[13] ; outclk~reg0 ; inclk    ;
; N/A           ; None        ; -8.228 ns ; div_clk_count[11] ; rst         ; inclk    ;
; N/A           ; None        ; -8.261 ns ; div_clk_count[28] ; outclk~reg0 ; inclk    ;
; N/A           ; None        ; -8.269 ns ; div_clk_count[10] ; rst         ; inclk    ;
; N/A           ; None        ; -8.273 ns ; div_clk_count[22] ; rst         ; inclk    ;
; N/A           ; None        ; -8.275 ns ; div_clk_count[4]  ; rst         ; inclk    ;
; N/A           ; None        ; -8.336 ns ; div_clk_count[9]  ; rst         ; inclk    ;
; N/A           ; None        ; -8.351 ns ; div_clk_count[12] ; rst         ; inclk    ;
; N/A           ; None        ; -8.353 ns ; div_clk_count[14] ; rst         ; inclk    ;
; N/A           ; None        ; -8.419 ns ; div_clk_count[1]  ; outclk~reg0 ; inclk    ;
; N/A           ; None        ; -8.446 ns ; div_clk_count[21] ; rst         ; inclk    ;
; N/A           ; None        ; -8.516 ns ; div_clk_count[17] ; rst         ; inclk    ;
; N/A           ; None        ; -8.526 ns ; div_clk_count[25] ; rst         ; inclk    ;
; N/A           ; None        ; -8.557 ns ; div_clk_count[23] ; rst         ; inclk    ;
; N/A           ; None        ; -8.578 ns ; div_clk_count[5]  ; outclk~reg0 ; inclk    ;
; N/A           ; None        ; -8.607 ns ; div_clk_count[24] ; rst         ; inclk    ;
; N/A           ; None        ; -8.615 ns ; div_clk_count[2]  ; outclk~reg0 ; inclk    ;
; N/A           ; None        ; -8.630 ns ; div_clk_count[16] ; rst         ; inclk    ;
; N/A           ; None        ; -8.670 ns ; div_clk_count[0]  ; rst         ; inclk    ;
; N/A           ; None        ; -8.718 ns ; div_clk_count[6]  ; outclk~reg0 ; inclk    ;
; N/A           ; None        ; -8.720 ns ; div_clk_count[8]  ; rst         ; inclk    ;
; N/A           ; None        ; -8.762 ns ; div_clk_count[26] ; rst         ; inclk    ;
; N/A           ; None        ; -8.800 ns ; div_clk_count[11] ; outclk~reg0 ; inclk    ;
; N/A           ; None        ; -8.841 ns ; div_clk_count[10] ; outclk~reg0 ; inclk    ;
; N/A           ; None        ; -8.845 ns ; div_clk_count[22] ; outclk~reg0 ; inclk    ;
; N/A           ; None        ; -8.847 ns ; div_clk_count[4]  ; outclk~reg0 ; inclk    ;
; N/A           ; None        ; -8.872 ns ; div_clk_count[29] ; rst         ; inclk    ;
; N/A           ; None        ; -8.908 ns ; div_clk_count[9]  ; outclk~reg0 ; inclk    ;
; N/A           ; None        ; -8.923 ns ; div_clk_count[12] ; outclk~reg0 ; inclk    ;
; N/A           ; None        ; -8.925 ns ; div_clk_count[14] ; outclk~reg0 ; inclk    ;
; N/A           ; None        ; -9.018 ns ; div_clk_count[21] ; outclk~reg0 ; inclk    ;
; N/A           ; None        ; -9.088 ns ; div_clk_count[17] ; outclk~reg0 ; inclk    ;
; N/A           ; None        ; -9.098 ns ; div_clk_count[25] ; outclk~reg0 ; inclk    ;
; N/A           ; None        ; -9.129 ns ; div_clk_count[23] ; outclk~reg0 ; inclk    ;
; N/A           ; None        ; -9.179 ns ; div_clk_count[24] ; outclk~reg0 ; inclk    ;
; N/A           ; None        ; -9.202 ns ; div_clk_count[16] ; outclk~reg0 ; inclk    ;
; N/A           ; None        ; -9.242 ns ; div_clk_count[0]  ; outclk~reg0 ; inclk    ;
; N/A           ; None        ; -9.283 ns ; div_clk_count[31] ; rst         ; inclk    ;
; N/A           ; None        ; -9.292 ns ; div_clk_count[8]  ; outclk~reg0 ; inclk    ;
; N/A           ; None        ; -9.334 ns ; div_clk_count[26] ; outclk~reg0 ; inclk    ;
; N/A           ; None        ; -9.444 ns ; div_clk_count[29] ; outclk~reg0 ; inclk    ;
; N/A           ; None        ; -9.855 ns ; div_clk_count[31] ; outclk~reg0 ; inclk    ;
+---------------+-------------+-----------+-------------------+-------------+----------+


+--------------------------+
; Timing Analyzer Messages ;
+--------------------------+
Info: *******************************************************************
Info: Running Quartus II Classic Timing Analyzer
    Info: Version 9.0 Build 235 06/17/2009 Service Pack 2 SJ Web Edition
    Info: Processing started: Fri May 26 17:46:45 2023
Info: Command: quartus_tan --read_settings_files=off --write_settings_files=off Clk_div -c Clk_div --timing_analysis_only
Warning: Found pins functioning as undefined clocks and/or memory enables
    Info: Assuming node "inclk" is an undefined clock
Info: Clock "inclk" has Internal fmax of 197.28 MHz between source register "Counter:COUNTER|counter[23]" and destination register "outclk~reg0" (period= 5.069 ns)
    Info: + Longest register to register delay is 4.843 ns
        Info: 1: + IC(0.000 ns) + CELL(0.000 ns) = 0.000 ns; Loc. = LCFF_X43_Y40_N15; Fanout = 3; REG Node = 'Counter:COUNTER|counter[23]'
        Info: 2: + IC(1.119 ns) + CELL(0.646 ns) = 1.765 ns; Loc. = LCCOMB_X44_Y43_N0; Fanout = 1; COMB Node = 'Equal0~1'
        Info: 3: + IC(1.079 ns) + CELL(0.370 ns) = 3.214 ns; Loc. = LCCOMB_X43_Y44_N26; Fanout = 1; COMB Node = 'Equal0~4'
        Info: 4: + IC(0.360 ns) + CELL(0.589 ns) = 4.163 ns; Loc. = LCCOMB_X43_Y44_N10; Fanout = 2; COMB Node = 'Equal0~20'
        Info: 5: + IC(0.366 ns) + CELL(0.206 ns) = 4.735 ns; Loc. = LCCOMB_X43_Y44_N24; Fanout = 1; COMB Node = 'outclk~2'
        Info: 6: + IC(0.000 ns) + CELL(0.108 ns) = 4.843 ns; Loc. = LCFF_X43_Y44_N25; Fanout = 2; REG Node = 'outclk~reg0'
        Info: Total cell delay = 1.919 ns ( 39.62 % )
        Info: Total interconnect delay = 2.924 ns ( 60.38 % )
    Info: - Smallest clock skew is 0.038 ns
        Info: + Shortest clock path from clock "inclk" to destination register is 3.338 ns
            Info: 1: + IC(0.000 ns) + CELL(1.100 ns) = 1.100 ns; Loc. = PIN_T2; Fanout = 1; CLK Node = 'inclk'
            Info: 2: + IC(0.135 ns) + CELL(0.000 ns) = 1.235 ns; Loc. = CLKCTRL_G3; Fanout = 34; COMB Node = 'inclk~clkctrl'
            Info: 3: + IC(1.437 ns) + CELL(0.666 ns) = 3.338 ns; Loc. = LCFF_X43_Y44_N25; Fanout = 2; REG Node = 'outclk~reg0'
            Info: Total cell delay = 1.766 ns ( 52.91 % )
            Info: Total interconnect delay = 1.572 ns ( 47.09 % )
        Info: - Longest clock path from clock "inclk" to source register is 3.300 ns
            Info: 1: + IC(0.000 ns) + CELL(1.100 ns) = 1.100 ns; Loc. = PIN_T2; Fanout = 1; CLK Node = 'inclk'
            Info: 2: + IC(0.135 ns) + CELL(0.000 ns) = 1.235 ns; Loc. = CLKCTRL_G3; Fanout = 34; COMB Node = 'inclk~clkctrl'
            Info: 3: + IC(1.399 ns) + CELL(0.666 ns) = 3.300 ns; Loc. = LCFF_X43_Y40_N15; Fanout = 3; REG Node = 'Counter:COUNTER|counter[23]'
            Info: Total cell delay = 1.766 ns ( 53.52 % )
            Info: Total interconnect delay = 1.534 ns ( 46.48 % )
    Info: + Micro clock to output delay of source is 0.304 ns
    Info: + Micro setup delay of destination is -0.040 ns
Info: tsu for register "outclk~reg0" (data pin = "div_clk_count[0]", clock pin = "inclk") is 13.815 ns
    Info: + Longest pin to register delay is 17.193 ns
        Info: 1: + IC(0.000 ns) + CELL(0.904 ns) = 0.904 ns; Loc. = PIN_G17; Fanout = 2; PIN Node = 'div_clk_count[0]'
        Info: 2: + IC(6.803 ns) + CELL(0.621 ns) = 8.328 ns; Loc. = LCCOMB_X43_Y48_N0; Fanout = 2; COMB Node = 'Add0~1'
        Info: 3: + IC(0.000 ns) + CELL(0.086 ns) = 8.414 ns; Loc. = LCCOMB_X43_Y48_N2; Fanout = 2; COMB Node = 'Add0~3'
        Info: 4: + IC(0.000 ns) + CELL(0.086 ns) = 8.500 ns; Loc. = LCCOMB_X43_Y48_N4; Fanout = 2; COMB Node = 'Add0~5'
        Info: 5: + IC(0.000 ns) + CELL(0.086 ns) = 8.586 ns; Loc. = LCCOMB_X43_Y48_N6; Fanout = 2; COMB Node = 'Add0~7'
        Info: 6: + IC(0.000 ns) + CELL(0.086 ns) = 8.672 ns; Loc. = LCCOMB_X43_Y48_N8; Fanout = 2; COMB Node = 'Add0~9'
        Info: 7: + IC(0.000 ns) + CELL(0.086 ns) = 8.758 ns; Loc. = LCCOMB_X43_Y48_N10; Fanout = 2; COMB Node = 'Add0~11'
        Info: 8: + IC(0.000 ns) + CELL(0.086 ns) = 8.844 ns; Loc. = LCCOMB_X43_Y48_N12; Fanout = 2; COMB Node = 'Add0~13'
        Info: 9: + IC(0.000 ns) + CELL(0.190 ns) = 9.034 ns; Loc. = LCCOMB_X43_Y48_N14; Fanout = 2; COMB Node = 'Add0~15'
        Info: 10: + IC(0.000 ns) + CELL(0.086 ns) = 9.120 ns; Loc. = LCCOMB_X43_Y48_N16; Fanout = 2; COMB Node = 'Add0~17'
        Info: 11: + IC(0.000 ns) + CELL(0.086 ns) = 9.206 ns; Loc. = LCCOMB_X43_Y48_N18; Fanout = 2; COMB Node = 'Add0~19'
        Info: 12: + IC(0.000 ns) + CELL(0.086 ns) = 9.292 ns; Loc. = LCCOMB_X43_Y48_N20; Fanout = 2; COMB Node = 'Add0~21'
        Info: 13: + IC(0.000 ns) + CELL(0.086 ns) = 9.378 ns; Loc. = LCCOMB_X43_Y48_N22; Fanout = 2; COMB Node = 'Add0~23'
        Info: 14: + IC(0.000 ns) + CELL(0.086 ns) = 9.464 ns; Loc. = LCCOMB_X43_Y48_N24; Fanout = 2; COMB Node = 'Add0~25'
        Info: 15: + IC(0.000 ns) + CELL(0.086 ns) = 9.550 ns; Loc. = LCCOMB_X43_Y48_N26; Fanout = 2; COMB Node = 'Add0~27'
        Info: 16: + IC(0.000 ns) + CELL(0.086 ns) = 9.636 ns; Loc. = LCCOMB_X43_Y48_N28; Fanout = 2; COMB Node = 'Add0~29'
        Info: 17: + IC(0.000 ns) + CELL(0.175 ns) = 9.811 ns; Loc. = LCCOMB_X43_Y48_N30; Fanout = 2; COMB Node = 'Add0~31'
        Info: 18: + IC(0.000 ns) + CELL(0.086 ns) = 9.897 ns; Loc. = LCCOMB_X43_Y47_N0; Fanout = 2; COMB Node = 'Add0~33'
        Info: 19: + IC(0.000 ns) + CELL(0.086 ns) = 9.983 ns; Loc. = LCCOMB_X43_Y47_N2; Fanout = 2; COMB Node = 'Add0~35'
        Info: 20: + IC(0.000 ns) + CELL(0.086 ns) = 10.069 ns; Loc. = LCCOMB_X43_Y47_N4; Fanout = 2; COMB Node = 'Add0~37'
        Info: 21: + IC(0.000 ns) + CELL(0.086 ns) = 10.155 ns; Loc. = LCCOMB_X43_Y47_N6; Fanout = 2; COMB Node = 'Add0~39'
        Info: 22: + IC(0.000 ns) + CELL(0.086 ns) = 10.241 ns; Loc. = LCCOMB_X43_Y47_N8; Fanout = 2; COMB Node = 'Add0~41'
        Info: 23: + IC(0.000 ns) + CELL(0.086 ns) = 10.327 ns; Loc. = LCCOMB_X43_Y47_N10; Fanout = 2; COMB Node = 'Add0~43'
        Info: 24: + IC(0.000 ns) + CELL(0.086 ns) = 10.413 ns; Loc. = LCCOMB_X43_Y47_N12; Fanout = 2; COMB Node = 'Add0~45'
        Info: 25: + IC(0.000 ns) + CELL(0.190 ns) = 10.603 ns; Loc. = LCCOMB_X43_Y47_N14; Fanout = 2; COMB Node = 'Add0~47'
        Info: 26: + IC(0.000 ns) + CELL(0.086 ns) = 10.689 ns; Loc. = LCCOMB_X43_Y47_N16; Fanout = 2; COMB Node = 'Add0~49'
        Info: 27: + IC(0.000 ns) + CELL(0.086 ns) = 10.775 ns; Loc. = LCCOMB_X43_Y47_N18; Fanout = 2; COMB Node = 'Add0~51'
        Info: 28: + IC(0.000 ns) + CELL(0.506 ns) = 11.281 ns; Loc. = LCCOMB_X43_Y47_N20; Fanout = 1; COMB Node = 'Add0~52'
        Info: 29: + IC(1.927 ns) + CELL(0.614 ns) = 13.822 ns; Loc. = LCCOMB_X42_Y40_N0; Fanout = 1; COMB Node = 'Equal0~3'
        Info: 30: + IC(1.128 ns) + CELL(0.614 ns) = 15.564 ns; Loc. = LCCOMB_X43_Y44_N26; Fanout = 1; COMB Node = 'Equal0~4'
        Info: 31: + IC(0.360 ns) + CELL(0.589 ns) = 16.513 ns; Loc. = LCCOMB_X43_Y44_N10; Fanout = 2; COMB Node = 'Equal0~20'
        Info: 32: + IC(0.366 ns) + CELL(0.206 ns) = 17.085 ns; Loc. = LCCOMB_X43_Y44_N24; Fanout = 1; COMB Node = 'outclk~2'
        Info: 33: + IC(0.000 ns) + CELL(0.108 ns) = 17.193 ns; Loc. = LCFF_X43_Y44_N25; Fanout = 2; REG Node = 'outclk~reg0'
        Info: Total cell delay = 6.609 ns ( 38.44 % )
        Info: Total interconnect delay = 10.584 ns ( 61.56 % )
    Info: + Micro setup delay of destination is -0.040 ns
    Info: - Shortest clock path from clock "inclk" to destination register is 3.338 ns
        Info: 1: + IC(0.000 ns) + CELL(1.100 ns) = 1.100 ns; Loc. = PIN_T2; Fanout = 1; CLK Node = 'inclk'
        Info: 2: + IC(0.135 ns) + CELL(0.000 ns) = 1.235 ns; Loc. = CLKCTRL_G3; Fanout = 34; COMB Node = 'inclk~clkctrl'
        Info: 3: + IC(1.437 ns) + CELL(0.666 ns) = 3.338 ns; Loc. = LCFF_X43_Y44_N25; Fanout = 2; REG Node = 'outclk~reg0'
        Info: Total cell delay = 1.766 ns ( 52.91 % )
        Info: Total interconnect delay = 1.572 ns ( 47.09 % )
Info: tco from clock "inclk" to destination pin "outclk" through register "outclk~reg0" is 8.606 ns
    Info: + Longest clock path from clock "inclk" to source register is 3.338 ns
        Info: 1: + IC(0.000 ns) + CELL(1.100 ns) = 1.100 ns; Loc. = PIN_T2; Fanout = 1; CLK Node = 'inclk'
        Info: 2: + IC(0.135 ns) + CELL(0.000 ns) = 1.235 ns; Loc. = CLKCTRL_G3; Fanout = 34; COMB Node = 'inclk~clkctrl'
        Info: 3: + IC(1.437 ns) + CELL(0.666 ns) = 3.338 ns; Loc. = LCFF_X43_Y44_N25; Fanout = 2; REG Node = 'outclk~reg0'
        Info: Total cell delay = 1.766 ns ( 52.91 % )
        Info: Total interconnect delay = 1.572 ns ( 47.09 % )
    Info: + Micro clock to output delay of source is 0.304 ns
    Info: + Longest register to pin delay is 4.964 ns
        Info: 1: + IC(0.000 ns) + CELL(0.000 ns) = 0.000 ns; Loc. = LCFF_X43_Y44_N25; Fanout = 2; REG Node = 'outclk~reg0'
        Info: 2: + IC(1.738 ns) + CELL(3.226 ns) = 4.964 ns; Loc. = PIN_B13; Fanout = 0; PIN Node = 'outclk'
        Info: Total cell delay = 3.226 ns ( 64.99 % )
        Info: Total interconnect delay = 1.738 ns ( 35.01 % )
Info: th for register "rst" (data pin = "div_clk_count[27]", clock pin = "inclk") is -3.834 ns
    Info: + Longest clock path from clock "inclk" to destination register is 3.338 ns
        Info: 1: + IC(0.000 ns) + CELL(1.100 ns) = 1.100 ns; Loc. = PIN_T2; Fanout = 1; CLK Node = 'inclk'
        Info: 2: + IC(0.135 ns) + CELL(0.000 ns) = 1.235 ns; Loc. = CLKCTRL_G3; Fanout = 34; COMB Node = 'inclk~clkctrl'
        Info: 3: + IC(1.437 ns) + CELL(0.666 ns) = 3.338 ns; Loc. = LCFF_X43_Y44_N11; Fanout = 1; REG Node = 'rst'
        Info: Total cell delay = 1.766 ns ( 52.91 % )
        Info: Total interconnect delay = 1.572 ns ( 47.09 % )
    Info: + Micro hold delay of destination is 0.306 ns
    Info: - Shortest pin to register delay is 7.478 ns
        Info: 1: + IC(0.000 ns) + CELL(1.070 ns) = 1.070 ns; Loc. = PIN_H15; Fanout = 2; PIN Node = 'div_clk_count[27]'
        Info: 2: + IC(1.782 ns) + CELL(0.615 ns) = 3.467 ns; Loc. = LCCOMB_X43_Y47_N22; Fanout = 1; COMB Node = 'Add0~54'
        Info: 3: + IC(1.086 ns) + CELL(0.616 ns) = 5.169 ns; Loc. = LCCOMB_X43_Y43_N0; Fanout = 1; COMB Node = 'Equal0~0'
        Info: 4: + IC(0.663 ns) + CELL(0.589 ns) = 6.421 ns; Loc. = LCCOMB_X43_Y44_N26; Fanout = 1; COMB Node = 'Equal0~4'
        Info: 5: + IC(0.360 ns) + CELL(0.589 ns) = 7.370 ns; Loc. = LCCOMB_X43_Y44_N10; Fanout = 2; COMB Node = 'Equal0~20'
        Info: 6: + IC(0.000 ns) + CELL(0.108 ns) = 7.478 ns; Loc. = LCFF_X43_Y44_N11; Fanout = 1; REG Node = 'rst'
        Info: Total cell delay = 3.587 ns ( 47.97 % )
        Info: Total interconnect delay = 3.891 ns ( 52.03 % )
Info: Quartus II Classic Timing Analyzer was successful. 0 errors, 1 warning
    Info: Peak virtual memory: 198 megabytes
    Info: Processing ended: Fri May 26 17:46:46 2023
    Info: Elapsed time: 00:00:01
    Info: Total CPU time (on all processors): 00:00:00


