Analysis & Synthesis report for Clk_div
Fri May 26 19:58:37 2023
Quartus II Version 9.0 Build 235 06/17/2009 Service Pack 2 SJ Web Edition


---------------------
; Table of Contents ;
---------------------
  1. Legal Notice
  2. Analysis & Synthesis Summary
  3. Analysis & Synthesis Settings
  4. Analysis & Synthesis Source Files Read
  5. Analysis & Synthesis Resource Usage Summary
  6. Analysis & Synthesis Resource Utilization by Entity
  7. Registers Removed During Synthesis
  8. General Register Statistics
  9. Analysis & Synthesis Messages
 10. Analysis & Synthesis Suppressed Messages



----------------
; Legal Notice ;
----------------
Copyright (C) 1991-2009 Altera Corporation
Your use of Altera Corporation's design tools, logic functions 
and other software and tools, and its AMPP partner logic 
functions, and any output files from any of the foregoing 
(including device programming or simulation files), and any 
associated documentation or information are expressly subject 
to the terms and conditions of the Altera Program License 
Subscription Agreement, Altera MegaCore Function License 
Agreement, or other applicable license agreement, including, 
without limitation, that your use is for the sole purpose of 
programming logic devices manufactured by Altera and sold by 
Altera or its authorized distributors.  Please refer to the 
applicable agreement for further details.



+-----------------------------------------------------------------------------------+
; Analysis & Synthesis Summary                                                      ;
+------------------------------------+----------------------------------------------+
; Analysis & Synthesis Status        ; Successful - Fri May 26 19:58:37 2023        ;
; Quartus II Version                 ; 9.0 Build 235 06/17/2009 SP 2 SJ Web Edition ;
; Revision Name                      ; Clk_div                                      ;
; Top-level Entity Name              ; Clk_div                                      ;
; Family                             ; Cyclone II                                   ;
; Total logic elements               ; 99                                           ;
;     Total combinational functions  ; 99                                           ;
;     Dedicated logic registers      ; 34                                           ;
; Total registers                    ; 34                                           ;
; Total pins                         ; 36                                           ;
; Total virtual pins                 ; 0                                            ;
; Total memory bits                  ; 0                                            ;
; Embedded Multiplier 9-bit elements ; 0                                            ;
; Total PLLs                         ; 0                                            ;
+------------------------------------+----------------------------------------------+


+--------------------------------------------------------------------------------------------------------+
; Analysis & Synthesis Settings                                                                          ;
+--------------------------------------------------------------+--------------------+--------------------+
; Option                                                       ; Setting            ; Default Value      ;
+--------------------------------------------------------------+--------------------+--------------------+
; Device                                                       ; EP2C70F896I8       ;                    ;
; Top-level entity name                                        ; Clk_div            ; Clk_div            ;
; Family name                                                  ; Cyclone II         ; Cyclone IV GX      ;
; Use smart compilation                                        ; Off                ; Off                ;
; Restructure Multiplexers                                     ; Auto               ; Auto               ;
; Create Debugging Nodes for IP Cores                          ; Off                ; Off                ;
; Preserve fewer node names                                    ; On                 ; On                 ;
; Disable OpenCore Plus hardware evaluation                    ; Off                ; Off                ;
; Verilog Version                                              ; Verilog_2001       ; Verilog_2001       ;
; VHDL Version                                                 ; VHDL93             ; VHDL93             ;
; State Machine Processing                                     ; Auto               ; Auto               ;
; Safe State Machine                                           ; Off                ; Off                ;
; Extract Verilog State Machines                               ; On                 ; On                 ;
; Extract VHDL State Machines                                  ; On                 ; On                 ;
; Ignore Verilog initial constructs                            ; Off                ; Off                ;
; Iteration limit for constant Verilog loops                   ; 5000               ; 5000               ;
; Iteration limit for non-constant Verilog loops               ; 250                ; 250                ;
; Add Pass-Through Logic to Inferred RAMs                      ; On                 ; On                 ;
; Parallel Synthesis                                           ; Off                ; Off                ;
; DSP Block Balancing                                          ; Auto               ; Auto               ;
; NOT Gate Push-Back                                           ; On                 ; On                 ;
; Power-Up Don't Care                                          ; On                 ; On                 ;
; Remove Redundant Logic Cells                                 ; Off                ; Off                ;
; Remove Duplicate Registers                                   ; On                 ; On                 ;
; Ignore CARRY Buffers                                         ; Off                ; Off                ;
; Ignore CASCADE Buffers                                       ; Off                ; Off                ;
; Ignore GLOBAL Buffers                                        ; Off                ; Off                ;
; Ignore ROW GLOBAL Buffers                                    ; Off                ; Off                ;
; Ignore LCELL Buffers                                         ; Off                ; Off                ;
; Ignore SOFT Buffers                                          ; On                 ; On                 ;
; Limit AHDL Integers to 32 Bits                               ; Off                ; Off                ;
; Optimization Technique                                       ; Balanced           ; Balanced           ;
; Carry Chain Length                                           ; 70                 ; 70                 ;
; Auto Carry Chains                                            ; On                 ; On                 ;
; Auto Open-Drain Pins                                         ; On                 ; On                 ;
; Perform WYSIWYG Primitive Resynthesis                        ; Off                ; Off                ;
; Auto ROM Replacement                                         ; On                 ; On                 ;
; Auto RAM Replacement                                         ; On                 ; On                 ;
; Auto Shift Register Replacement                              ; Auto               ; Auto               ;
; Auto Clock Enable Replacement                                ; On                 ; On                 ;
; Strict RAM Replacement                                       ; Off                ; Off                ;
; Allow Synchronous Control Signals                            ; On                 ; On                 ;
; Force Use of Synchronous Clear Signals                       ; Off                ; Off                ;
; Auto RAM to Logic Cell Conversion                            ; Off                ; Off                ;
; Auto Resource Sharing                                        ; Off                ; Off                ;
; Allow Any RAM Size For Recognition                           ; Off                ; Off                ;
; Allow Any ROM Size For Recognition                           ; Off                ; Off                ;
; Allow Any Shift Register Size For Recognition                ; Off                ; Off                ;
; Use LogicLock Constraints during Resource Balancing          ; On                 ; On                 ;
; Ignore translate_off and synthesis_off directives            ; Off                ; Off                ;
; Timing-Driven Synthesis                                      ; On                 ; On                 ;
; Show Parameter Settings Tables in Synthesis Report           ; On                 ; On                 ;
; Ignore Maximum Fan-Out Assignments                           ; Off                ; Off                ;
; Synchronization Register Chain Length                        ; 3                  ; 3                  ;
; PowerPlay Power Optimization                                 ; Normal compilation ; Normal compilation ;
; HDL message level                                            ; Level2             ; Level2             ;
; Suppress Register Optimization Related Messages              ; Off                ; Off                ;
; Number of Removed Registers Reported in Synthesis Report     ; 5000               ; 5000               ;
; Number of Inverted Registers Reported in Synthesis Report    ; 100                ; 100                ;
; Clock MUX Protection                                         ; On                 ; On                 ;
; Auto Gated Clock Conversion                                  ; Off                ; Off                ;
; Block Design Naming                                          ; Auto               ; Auto               ;
; SDC constraint protection                                    ; Off                ; Off                ;
; Synthesis Effort                                             ; Auto               ; Auto               ;
; Shift Register Replacement - Allow Asynchronous Clear Signal ; On                 ; On                 ;
; Analysis & Synthesis Message Level                           ; Medium             ; Medium             ;
+--------------------------------------------------------------+--------------------+--------------------+


+---------------------------------------------------------------------------------------------------------------------------------------------------------------------------------------+
; Analysis & Synthesis Source Files Read                                                                                                                                                ;
+----------------------------------+-----------------+------------------------------+---------------------------------------------------------------------------------------------------+
; File Name with User-Entered Path ; Used in Netlist ; File Type                    ; File Name with Absolute Path                                                                      ;
+----------------------------------+-----------------+------------------------------+---------------------------------------------------------------------------------------------------+
; Clk_div.sv                       ; yes             ; User SystemVerilog HDL File  ; D:/Study/UBC study materials/UBC Fourth Year - Summer Term/CPEN 311/Labs/Lab 1/Clk_div/Clk_div.sv ;
+----------------------------------+-----------------+------------------------------+---------------------------------------------------------------------------------------------------+


+-----------------------------------------------------+
; Analysis & Synthesis Resource Usage Summary         ;
+---------------------------------------------+-------+
; Resource                                    ; Usage ;
+---------------------------------------------+-------+
; Estimated Total logic elements              ; 99    ;
;                                             ;       ;
; Total combinational functions               ; 99    ;
; Logic element usage by number of LUT inputs ;       ;
;     -- 4 input functions                    ; 34    ;
;     -- 3 input functions                    ; 0     ;
;     -- <=2 input functions                  ; 65    ;
;                                             ;       ;
; Logic elements by mode                      ;       ;
;     -- normal mode                          ; 37    ;
;     -- arithmetic mode                      ; 62    ;
;                                             ;       ;
; Total registers                             ; 34    ;
;     -- Dedicated logic registers            ; 34    ;
;     -- I/O registers                        ; 0     ;
;                                             ;       ;
; I/O pins                                    ; 36    ;
; Maximum fan-out node                        ; inclk ;
; Maximum fan-out                             ; 34    ;
; Total fan-out                               ; 394   ;
; Average fan-out                             ; 2.33  ;
+---------------------------------------------+-------+


+----------------------------------------------------------------------------------------------------------------------------------------------------------------------------------+
; Analysis & Synthesis Resource Utilization by Entity                                                                                                                              ;
+----------------------------+-------------------+--------------+-------------+--------------+---------+-----------+------+--------------+--------------------------+--------------+
; Compilation Hierarchy Node ; LC Combinationals ; LC Registers ; Memory Bits ; DSP Elements ; DSP 9x9 ; DSP 18x18 ; Pins ; Virtual Pins ; Full Hierarchy Name      ; Library Name ;
+----------------------------+-------------------+--------------+-------------+--------------+---------+-----------+------+--------------+--------------------------+--------------+
; |Clk_div                   ; 99 (67)           ; 34 (2)       ; 0           ; 0            ; 0       ; 0         ; 36   ; 0            ; |Clk_div                 ; work         ;
;    |Counter:COUNTER|       ; 32 (32)           ; 32 (32)      ; 0           ; 0            ; 0       ; 0         ; 0    ; 0            ; |Clk_div|Counter:COUNTER ; work         ;
+----------------------------+-------------------+--------------+-------------+--------------+---------+-----------+------+--------------+--------------------------+--------------+
Note: For table entries with two numbers listed, the numbers in parentheses indicate the number of resources of the given type used by the specific entity alone. The numbers listed outside of parentheses indicate the total resources of the given type used by the specific entity and all of its sub-entities in the hierarchy.


+--------------------------------------------------------------------------------+
; Registers Removed During Synthesis                                             ;
+---------------------------------------+----------------------------------------+
; Register name                         ; Reason for Removal                     ;
+---------------------------------------+----------------------------------------+
; rst2                                  ; Stuck at GND due to stuck port data_in ;
; Total Number of Removed Registers = 1 ;                                        ;
+---------------------------------------+----------------------------------------+


+------------------------------------------------------+
; General Register Statistics                          ;
+----------------------------------------------+-------+
; Statistic                                    ; Value ;
+----------------------------------------------+-------+
; Total registers                              ; 34    ;
; Number of registers using Synchronous Clear  ; 0     ;
; Number of registers using Synchronous Load   ; 32    ;
; Number of registers using Asynchronous Clear ; 0     ;
; Number of registers using Asynchronous Load  ; 0     ;
; Number of registers using Clock Enable       ; 0     ;
; Number of registers using Preset             ; 0     ;
+----------------------------------------------+-------+


+-------------------------------+
; Analysis & Synthesis Messages ;
+-------------------------------+
Info: *******************************************************************
Info: Running Quartus II Analysis & Synthesis
    Info: Version 9.0 Build 235 06/17/2009 Service Pack 2 SJ Web Edition
    Info: Processing started: Fri May 26 19:58:37 2023
Info: Command: quartus_map --read_settings_files=on --write_settings_files=off Clk_div -c Clk_div
Info: Found 2 design units, including 2 entities, in source file Clk_div.sv
    Info: Found entity 1: Clk_div
    Info: Found entity 2: Counter
Info: Elaborating entity "Clk_div" for the top level hierarchy
Warning (10034): Output port "outclk_Not" at Clk_div.sv(3) has no driver
Info: Elaborating entity "Counter" for hierarchy "Counter:COUNTER"
Warning: Timing-Driven Synthesis is skipped because the Classic Timing Analyzer is turned on
Warning: Output pins are stuck at VCC or GND
    Warning (13410): Pin "outclk_Not" is stuck at GND
Warning: Design contains 1 input pin(s) that do not drive logic
    Warning (15610): No output dependent on input pin "Reset"
Info: Implemented 135 device resources after synthesis - the final resource count might be different
    Info: Implemented 34 input pins
    Info: Implemented 2 output pins
    Info: Implemented 99 logic cells
Info: Generated suppressed messages file D:/Study/UBC study materials/UBC Fourth Year - Summer Term/CPEN 311/Labs/Lab 1/Clk_div/output_files/Clk_div.map.smsg
Info: Quartus II Analysis & Synthesis was successful. 0 errors, 6 warnings
    Info: Peak virtual memory: 234 megabytes
    Info: Processing ended: Fri May 26 19:58:37 2023
    Info: Elapsed time: 00:00:00
    Info: Total CPU time (on all processors): 00:00:00


+------------------------------------------+
; Analysis & Synthesis Suppressed Messages ;
+------------------------------------------+
The suppressed messages can be found in D:/Study/UBC study materials/UBC Fourth Year - Summer Term/CPEN 311/Labs/Lab 1/Clk_div/output_files/Clk_div.map.smsg.


